          ok  Starting native_osx for sync app-code-sync
          ok  app-code-sync container still running, restarting unison in container
unison: stopped
unison: started
     success  Sync container started
     success  Showing unison logs from your sync container: app-code-sync
          ok  Starting native_osx for sync app-code-sync-nginx
          ok  app-code-sync-nginx container still running, restarting unison in container
unison: stopped
unison: started
     success  Sync container started
     success  Showing unison logs from your sync container: app-code-sync-nginx
[2021-04-04 15:25:59 +0800] Sync Log:  UNISON 2.51.2 (OCAML 4.06.1) started propagating changes at 15:25:58.95 on 04 Apr 2021
[2021-04-04 15:25:59 +0800] Sync Log:  [BGN] Copying .docker-sync/daemon.log from /host_sync to /app_sync
[2021-04-04 15:25:59 +0800] Sync Log:  Failed: The source file /host_sync/.docker-sync/daemon.log
[2021-04-04 15:25:59 +0800] Sync Log:  has been modified during synchronization.  Transfer aborted.
[2021-04-04 15:25:59 +0800] Sync Log:  [BGN] Copying .docker-sync/daemon.pid from /host_sync to /app_sync
[2021-04-04 15:25:59 +0800] Sync Log:  [END] Copying .docker-sync/daemon.pid
[2021-04-04 15:25:59 +0800] Sync Log:  UNISON 2.51.2 (OCAML 4.06.1) finished propagating changes at 15:25:58.96 on 04 Apr 2021
[2021-04-04 15:25:59 +0800] Sync Log:  Synchronization incomplete at 15:25:59  (1 item transferred, 0 skipped, 1 failed)
[2021-04-04 15:25:59 +0800] Sync Log:    failed: .docker-sync/daemon.log
[2021-04-04 15:26:00 +0800] Sync Log:  UNISON 2.51.2 (OCAML 4.06.1) started propagating changes at 15:26:00.12 on 04 Apr 2021
[2021-04-04 15:26:00 +0800] Sync Log:  [BGN] Copying .docker-sync/daemon.log from /host_sync to /app_sync
[2021-04-04 15:26:00 +0800] Sync Log:  [END] Copying .docker-sync/daemon.log
[2021-04-04 15:26:00 +0800] Sync Log:  UNISON 2.51.2 (OCAML 4.06.1) finished propagating changes at 15:26:00.12 on 04 Apr 2021
[2021-04-04 15:26:00 +0800] Sync Log:  Synchronization complete at 15:26:00  (1 item transferred, 0 skipped, 0 failed)
[2021-04-04 15:27:32 +0800] Sync Log:  UNISON 2.51.2 (OCAML 4.06.1) started propagating changes at 15:27:32.48 on 04 Apr 2021
[2021-04-04 15:27:32 +0800] Sync Log:  [BGN] Copying .docker-sync/daemon.log from /host_sync to /app_sync
[2021-04-04 15:27:32 +0800] Sync Log:  Failed: The source file /host_sync/.docker-sync/daemon.log
[2021-04-04 15:27:32 +0800] Sync Log:  has been modified during synchronization.  Transfer aborted.
[2021-04-04 15:27:32 +0800] Sync Log:  [BGN] Copying .docker-sync/daemon.pid from /host_sync to /app_sync
[2021-04-04 15:27:32 +0800] Sync Log:  [END] Copying .docker-sync/daemon.pid
[2021-04-04 15:27:32 +0800] Sync Log:  UNISON 2.51.2 (OCAML 4.06.1) finished propagating changes at 15:27:32.48 on 04 Apr 2021
[2021-04-04 15:27:32 +0800] Sync Log:  Synchronization incomplete at 15:27:32  (1 item transferred, 0 skipped, 1 failed)
[2021-04-04 15:27:32 +0800] Sync Log:    failed: .docker-sync/daemon.log
[2021-04-04 15:27:34 +0800] Sync Log:  UNISON 2.51.2 (OCAML 4.06.1) started propagating changes at 15:27:33.93 on 04 Apr 2021
[2021-04-04 15:27:34 +0800] Sync Log:  [BGN] Copying .docker-sync/daemon.log from /host_sync to /app_sync
[2021-04-04 15:27:34 +0800] Sync Log:  [END] Copying .docker-sync/daemon.log
[2021-04-04 15:27:34 +0800] Sync Log:  UNISON 2.51.2 (OCAML 4.06.1) finished propagating changes at 15:27:33.94 on 04 Apr 2021
[2021-04-04 15:27:34 +0800] Sync Log:  Synchronization complete at 15:27:34  (1 item transferred, 0 skipped, 0 failed)
[2021-04-04 18:03:16 +0800] Sync Log:  UNISON 2.51.2 (OCAML 4.06.1) started propagating changes at 18:03:16.24 on 04 Apr 2021
[2021-04-04 18:03:16 +0800] Sync Log:  [BGN] Updating file docker-compose-dev.yml from /host_sync to /app_sync
[2021-04-04 18:03:16 +0800] Sync Log:  [END] Updating file docker-compose-dev.yml
[2021-04-04 18:03:16 +0800] Sync Log:  UNISON 2.51.2 (OCAML 4.06.1) finished propagating changes at 18:03:16.25 on 04 Apr 2021
[2021-04-04 18:03:16 +0800] Sync Log:  Synchronization complete at 18:03:16  (1 item transferred, 0 skipped, 0 failed)
[2021-04-04 18:03:16 +0800] Sync Log:  UNISON 2.51.2 (OCAML 4.06.1) started propagating changes at 18:03:16.34 on 04 Apr 2021
[2021-04-04 18:03:16 +0800] Sync Log:  [BGN] Updating file docker-compose-dev.yml from /host_sync to /app_sync
[2021-04-04 18:03:17 +0800] Sync Log:  [END] Updating file docker-compose-dev.yml
[2021-04-04 18:03:17 +0800] Sync Log:  UNISON 2.51.2 (OCAML 4.06.1) finished propagating changes at 18:03:16.35 on 04 Apr 2021
[2021-04-04 18:03:17 +0800] Sync Log:  Synchronization complete at 18:03:16  (1 item transferred, 0 skipped, 0 failed)
[2021-04-04 18:03:19 +0800] Sync Log:  UNISON 2.51.2 (OCAML 4.06.1) started propagating changes at 18:03:18.55 on 04 Apr 2021
[2021-04-04 18:03:19 +0800] Sync Log:  UNISON 2.51.2 (OCAML 4.06.1) started propagating changes at 18:03:18.37 on 04 Apr 2021
[2021-04-04 18:03:19 +0800] Sync Log:  [BGN] Updating file docker-compose-dev.yml from /host_sync to /app_sync
[2021-04-04 18:03:19 +0800] Sync Log:  [END] Updating file docker-compose-dev.yml
[2021-04-04 18:03:19 +0800] Sync Log:  [BGN] Updating file docker-compose-dev.yml from /host_sync to /app_sync
[2021-04-04 18:03:19 +0800] Sync Log:  [END] Updating file docker-compose-dev.yml
[2021-04-04 18:03:19 +0800] Sync Log:  UNISON 2.51.2 (OCAML 4.06.1) finished propagating changes at 18:03:18.56 on 04 Apr 2021
[2021-04-04 18:03:19 +0800] Sync Log:  Synchronization complete at 18:03:18  (1 item transferred, 0 skipped, 0 failed)
[2021-04-04 18:03:19 +0800] Sync Log:  UNISON 2.51.2 (OCAML 4.06.1) finished propagating changes at 18:03:18.37 on 04 Apr 2021
[2021-04-04 18:03:19 +0800] Sync Log:  Synchronization complete at 18:03:18  (1 item transferred, 0 skipped, 0 failed)
[2021-04-04 18:03:47 +0800] Sync Log:  UNISON 2.51.2 (OCAML 4.06.1) started propagating changes at 18:03:47.07 on 04 Apr 2021
[2021-04-04 18:03:47 +0800] Sync Log:  [BGN] Updating file docker-compose-dev.yml from /host_sync to /app_sync
[2021-04-04 18:03:47 +0800] Sync Log:  [END] Updating file docker-compose-dev.yml
[2021-04-04 18:03:47 +0800] Sync Log:  UNISON 2.51.2 (OCAML 4.06.1) started propagating changes at 18:03:46.97 on 04 Apr 2021
[2021-04-04 18:03:47 +0800] Sync Log:  [BGN] Updating file docker-compose-dev.yml from /host_sync to /app_sync
[2021-04-04 18:03:47 +0800] Sync Log:  UNISON 2.51.2 (OCAML 4.06.1) finished propagating changes at 18:03:47.08 on 04 Apr 2021
[2021-04-04 18:03:47 +0800] Sync Log:  Synchronization complete at 18:03:47  (1 item transferred, 0 skipped, 0 failed)
[2021-04-04 18:03:47 +0800] Sync Log:  [END] Updating file docker-compose-dev.yml
[2021-04-04 18:03:47 +0800] Sync Log:  UNISON 2.51.2 (OCAML 4.06.1) finished propagating changes at 18:03:46.99 on 04 Apr 2021
[2021-04-04 18:03:47 +0800] Sync Log:  Synchronization complete at 18:03:47  (1 item transferred, 0 skipped, 0 failed)
[2021-04-04 18:17:29 +0800] Sync Log:  UNISON 2.51.2 (OCAML 4.06.1) started propagating changes at 18:17:29.12 on 04 Apr 2021
[2021-04-04 18:17:29 +0800] Sync Log:  [BGN] Updating file docker-compose-dev.yml from /host_sync to /app_sync
[2021-04-04 18:17:29 +0800] Sync Log:  [END] Updating file docker-compose-dev.yml
[2021-04-04 18:17:29 +0800] Sync Log:  UNISON 2.51.2 (OCAML 4.06.1) finished propagating changes at 18:17:29.12 on 04 Apr 2021
[2021-04-04 18:17:29 +0800] Sync Log:  Synchronization complete at 18:17:29  (1 item transferred, 0 skipped, 0 failed)
[2021-04-04 18:17:29 +0800] Sync Log:  UNISON 2.51.2 (OCAML 4.06.1) started propagating changes at 18:17:29.00 on 04 Apr 2021
[2021-04-04 18:17:29 +0800] Sync Log:  [BGN] Updating file docker-compose-dev.yml from /host_sync to /app_sync
[2021-04-04 18:17:29 +0800] Sync Log:  [END] Updating file docker-compose-dev.yml
[2021-04-04 18:17:29 +0800] Sync Log:  UNISON 2.51.2 (OCAML 4.06.1) finished propagating changes at 18:17:29.01 on 04 Apr 2021
[2021-04-04 18:17:29 +0800] Sync Log:  Synchronization complete at 18:17:29  (1 item transferred, 0 skipped, 0 failed)
[2021-04-04 18:21:51 +0800] Sync Log:  UNISON 2.51.2 (OCAML 4.06.1) started propagating changes at 18:21:51.56 on 04 Apr 2021
[2021-04-04 18:21:51 +0800] Sync Log:  [BGN] Updating file docker-compose-dev.yml from /host_sync to /app_sync
[2021-04-04 18:21:51 +0800] Sync Log:  [END] Updating file docker-compose-dev.yml
[2021-04-04 18:21:51 +0800] Sync Log:  UNISON 2.51.2 (OCAML 4.06.1) finished propagating changes at 18:21:51.57 on 04 Apr 2021
[2021-04-04 18:21:51 +0800] Sync Log:  Synchronization complete at 18:21:51  (1 item transferred, 0 skipped, 0 failed)
[2021-04-04 18:21:52 +0800] Sync Log:  UNISON 2.51.2 (OCAML 4.06.1) started propagating changes at 18:21:51.68 on 04 Apr 2021
[2021-04-04 18:21:52 +0800] Sync Log:  [BGN] Updating file docker-compose-dev.yml from /host_sync to /app_sync
[2021-04-04 18:21:52 +0800] Sync Log:  [END] Updating file docker-compose-dev.yml
[2021-04-04 18:21:52 +0800] Sync Log:  UNISON 2.51.2 (OCAML 4.06.1) finished propagating changes at 18:21:51.68 on 04 Apr 2021
[2021-04-04 18:21:52 +0800] Sync Log:  Synchronization complete at 18:21:51  (1 item transferred, 0 skipped, 0 failed)
[2021-04-04 18:21:58 +0800] Sync Log:  UNISON 2.51.2 (OCAML 4.06.1) started propagating changes at 18:21:58.69 on 04 Apr 2021
[2021-04-04 18:21:58 +0800] Sync Log:  [BGN] Updating file docker-compose-dev.yml from /host_sync to /app_sync
[2021-04-04 18:21:58 +0800] Sync Log:  [END] Updating file docker-compose-dev.yml
[2021-04-04 18:21:58 +0800] Sync Log:  UNISON 2.51.2 (OCAML 4.06.1) finished propagating changes at 18:21:58.69 on 04 Apr 2021
[2021-04-04 18:21:58 +0800] Sync Log:  Synchronization complete at 18:21:58  (1 item transferred, 0 skipped, 0 failed)
[2021-04-04 18:21:59 +0800] Sync Log:  UNISON 2.51.2 (OCAML 4.06.1) started propagating changes at 18:21:58.77 on 04 Apr 2021
[2021-04-04 18:21:59 +0800] Sync Log:  [BGN] Updating file docker-compose-dev.yml from /host_sync to /app_sync
[2021-04-04 18:21:59 +0800] Sync Log:  [END] Updating file docker-compose-dev.yml
[2021-04-04 18:21:59 +0800] Sync Log:  UNISON 2.51.2 (OCAML 4.06.1) finished propagating changes at 18:21:58.78 on 04 Apr 2021
[2021-04-04 18:21:59 +0800] Sync Log:  Synchronization complete at 18:21:58  (1 item transferred, 0 skipped, 0 failed)
[2021-04-04 18:22:06 +0800] Sync Log:  UNISON 2.51.2 (OCAML 4.06.1) started propagating changes at 18:22:06.80 on 04 Apr 2021
[2021-04-04 18:22:06 +0800] Sync Log:  [BGN] Updating file docker-sync.yml from /host_sync to /app_sync
[2021-04-04 18:22:06 +0800] Sync Log:  [END] Updating file docker-sync.yml
[2021-04-04 18:22:06 +0800] Sync Log:  UNISON 2.51.2 (OCAML 4.06.1) finished propagating changes at 18:22:06.81 on 04 Apr 2021
[2021-04-04 18:22:06 +0800] Sync Log:  Synchronization complete at 18:22:06  (1 item transferred, 0 skipped, 0 failed)
[2021-04-04 18:22:07 +0800] Sync Log:  UNISON 2.51.2 (OCAML 4.06.1) started propagating changes at 18:22:06.88 on 04 Apr 2021
[2021-04-04 18:22:07 +0800] Sync Log:  [BGN] Updating file docker-sync.yml from /host_sync to /app_sync
[2021-04-04 18:22:07 +0800] Sync Log:  [END] Updating file docker-sync.yml
[2021-04-04 18:22:07 +0800] Sync Log:  UNISON 2.51.2 (OCAML 4.06.1) finished propagating changes at 18:22:06.88 on 04 Apr 2021
[2021-04-04 18:22:07 +0800] Sync Log:  Synchronization complete at 18:22:06  (1 item transferred, 0 skipped, 0 failed)
[2021-04-04 19:35:03 +0800] Sync Log:  UNISON 2.51.2 (OCAML 4.06.1) started propagating changes at 19:35:02.54 on 04 Apr 2021
[2021-04-04 19:35:03 +0800] Sync Log:  [BGN] Updating file docker-compose-dev.yml from /host_sync to /app_sync
[2021-04-04 19:35:03 +0800] Sync Log:  [END] Updating file docker-compose-dev.yml
[2021-04-04 19:35:03 +0800] Sync Log:  UNISON 2.51.2 (OCAML 4.06.1) started propagating changes at 19:35:02.62 on 04 Apr 2021
[2021-04-04 19:35:03 +0800] Sync Log:  [BGN] Updating file docker-compose-dev.yml from /host_sync to /app_sync
[2021-04-04 19:35:03 +0800] Sync Log:  [END] Updating file docker-compose-dev.yml
[2021-04-04 19:35:03 +0800] Sync Log:  UNISON 2.51.2 (OCAML 4.06.1) finished propagating changes at 19:35:02.63 on 04 Apr 2021
[2021-04-04 19:35:03 +0800] Sync Log:  Synchronization complete at 19:35:02  (1 item transferred, 0 skipped, 0 failed)
[2021-04-04 19:35:03 +0800] Sync Log:  UNISON 2.51.2 (OCAML 4.06.1) finished propagating changes at 19:35:02.55 on 04 Apr 2021
[2021-04-04 19:35:03 +0800] Sync Log:  Synchronization complete at 19:35:02  (1 item transferred, 0 skipped, 0 failed)
    shutdown  Shutting down...
          ok  Stopping sync container app-code-sync
          ok  Stopping sync container app-code-sync-nginx
          ok  Starting native_osx for sync app-code-sync
          ok  app-code-sync container still running, restarting unison in container
unison: stopped
unison: started
     success  Sync container started
     success  Showing unison logs from your sync container: app-code-sync
[2021-04-04 19:36:11 +0800] Sync Log:  UNISON 2.51.2 (OCAML 4.06.1) started propagating changes at 18:22:06.80 on 04 Apr 2021
[2021-04-04 19:36:11 +0800] Sync Log:  [BGN] Updating file docker-sync.yml from /host_sync to /app_sync
[2021-04-04 19:36:11 +0800] Sync Log:  [END] Updating file docker-sync.yml
[2021-04-04 19:36:11 +0800] Sync Log:  UNISON 2.51.2 (OCAML 4.06.1) finished propagating changes at 18:22:06.81 on 04 Apr 2021
[2021-04-04 19:36:11 +0800] Sync Log:  Synchronization complete at 18:22:06  (1 item transferred, 0 skipped, 0 failed)
[2021-04-04 19:36:11 +0800] Sync Log:  UNISON 2.51.2 (OCAML 4.06.1) started propagating changes at 19:35:02.54 on 04 Apr 2021
[2021-04-04 19:36:11 +0800] Sync Log:  [BGN] Updating file docker-compose-dev.yml from /host_sync to /app_sync
[2021-04-04 19:36:11 +0800] Sync Log:  [END] Updating file docker-compose-dev.yml
[2021-04-04 19:36:11 +0800] Sync Log:  UNISON 2.51.2 (OCAML 4.06.1) finished propagating changes at 19:35:02.55 on 04 Apr 2021
[2021-04-04 19:36:11 +0800] Sync Log:  Synchronization complete at 19:35:02  (1 item transferred, 0 skipped, 0 failed)
[2021-04-04 19:36:58 +0800] Sync Log:  UNISON 2.51.2 (OCAML 4.06.1) started propagating changes at 19:36:57.93 on 04 Apr 2021
[2021-04-04 19:36:58 +0800] Sync Log:  [BGN] Updating file .docker-sync/daemon.log from /host_sync to /app_sync
[2021-04-04 19:36:58 +0800] Sync Log:  Failed: The source file /host_sync/.docker-sync/daemon.log
[2021-04-04 19:36:58 +0800] Sync Log:  has been modified during synchronization.  Transfer aborted.
[2021-04-04 19:36:58 +0800] Sync Log:  [BGN] Updating file .docker-sync/daemon.pid from /host_sync to /app_sync
[2021-04-04 19:36:58 +0800] Sync Log:  [END] Updating file .docker-sync/daemon.pid
[2021-04-04 19:36:58 +0800] Sync Log:  UNISON 2.51.2 (OCAML 4.06.1) finished propagating changes at 19:36:57.94 on 04 Apr 2021
[2021-04-04 19:36:58 +0800] Sync Log:  Synchronization incomplete at 19:36:58  (1 item transferred, 0 skipped, 1 failed)
[2021-04-04 19:36:58 +0800] Sync Log:    failed: .docker-sync/daemon.log
[2021-04-04 19:36:59 +0800] Sync Log:  UNISON 2.51.2 (OCAML 4.06.1) started propagating changes at 19:36:59.05 on 04 Apr 2021
[2021-04-04 19:36:59 +0800] Sync Log:  [BGN] Updating file .docker-sync/daemon.log from /host_sync to /app_sync
[2021-04-04 19:36:59 +0800] Sync Log:  [END] Updating file .docker-sync/daemon.log
[2021-04-04 19:36:59 +0800] Sync Log:  UNISON 2.51.2 (OCAML 4.06.1) finished propagating changes at 19:36:59.05 on 04 Apr 2021
[2021-04-04 19:36:59 +0800] Sync Log:  Synchronization complete at 19:36:59  (1 item transferred, 0 skipped, 0 failed)
[2021-04-04 19:39:55 +0800] Sync Log:  UNISON 2.51.2 (OCAML 4.06.1) started propagating changes at 19:39:55.11 on 04 Apr 2021
[2021-04-04 19:39:55 +0800] Sync Log:  [BGN] Updating file docker-compose-dev.yml from /host_sync to /app_sync
[2021-04-04 19:39:55 +0800] Sync Log:  [END] Updating file docker-compose-dev.yml
[2021-04-04 19:39:55 +0800] Sync Log:  UNISON 2.51.2 (OCAML 4.06.1) finished propagating changes at 19:39:55.11 on 04 Apr 2021
[2021-04-04 19:39:55 +0800] Sync Log:  Synchronization complete at 19:39:55  (1 item transferred, 0 skipped, 0 failed)
[2021-04-04 19:40:00 +0800] Sync Log:  UNISON 2.51.2 (OCAML 4.06.1) started propagating changes at 19:40:00.34 on 04 Apr 2021
[2021-04-04 19:40:00 +0800] Sync Log:  [BGN] Updating file docker-compose-dev.yml from /host_sync to /app_sync
[2021-04-04 19:40:00 +0800] Sync Log:  [END] Updating file docker-compose-dev.yml
[2021-04-04 19:40:00 +0800] Sync Log:  UNISON 2.51.2 (OCAML 4.06.1) finished propagating changes at 19:40:00.34 on 04 Apr 2021
[2021-04-04 19:40:01 +0800] Sync Log:  Synchronization complete at 19:40:00  (1 item transferred, 0 skipped, 0 failed)
[2021-04-04 19:40:03 +0800] Sync Log:  UNISON 2.51.2 (OCAML 4.06.1) started propagating changes at 19:40:02.45 on 04 Apr 2021
[2021-04-04 19:40:03 +0800] Sync Log:  [BGN] Updating file docker-compose-dev.yml from /host_sync to /app_sync
[2021-04-04 19:40:03 +0800] Sync Log:  [END] Updating file docker-compose-dev.yml
[2021-04-04 19:40:03 +0800] Sync Log:  UNISON 2.51.2 (OCAML 4.06.1) finished propagating changes at 19:40:02.45 on 04 Apr 2021
[2021-04-04 19:40:03 +0800] Sync Log:  Synchronization complete at 19:40:02  (1 item transferred, 0 skipped, 0 failed)
[2021-04-04 19:40:05 +0800] Sync Log:  UNISON 2.51.2 (OCAML 4.06.1) started propagating changes at 19:40:04.54 on 04 Apr 2021
[2021-04-04 19:40:05 +0800] Sync Log:  [BGN] Updating file docker-compose-dev.yml from /host_sync to /app_sync
[2021-04-04 19:40:05 +0800] Sync Log:  [END] Updating file docker-compose-dev.yml
[2021-04-04 19:40:05 +0800] Sync Log:  UNISON 2.51.2 (OCAML 4.06.1) finished propagating changes at 19:40:04.54 on 04 Apr 2021
[2021-04-04 19:40:05 +0800] Sync Log:  Synchronization complete at 19:40:04  (1 item transferred, 0 skipped, 0 failed)
[2021-04-04 19:40:19 +0800] Sync Log:  UNISON 2.51.2 (OCAML 4.06.1) started propagating changes at 19:40:19.18 on 04 Apr 2021
[2021-04-04 19:40:19 +0800] Sync Log:  [BGN] Updating file docker-sync.yml from /host_sync to /app_sync
[2021-04-04 19:40:19 +0800] Sync Log:  [END] Updating file docker-sync.yml
[2021-04-04 19:40:19 +0800] Sync Log:  UNISON 2.51.2 (OCAML 4.06.1) finished propagating changes at 19:40:19.18 on 04 Apr 2021
[2021-04-04 19:40:19 +0800] Sync Log:  Synchronization complete at 19:40:19  (1 item transferred, 0 skipped, 0 failed)
          ok  Starting native_osx for sync app-code-sync
          ok  app-code-sync container still running, restarting unison in container
unison: stopped
unison: started
     success  Sync container started
     success  Showing unison logs from your sync container: app-code-sync
          ok  Starting native_osx for sync app-code-sync-nginx
          ok  app-code-sync-nginx container still running, restarting unison in container
[2021-04-04 19:41:39 +0800] Sync Log:  UNISON 2.51.2 (OCAML 4.06.1) started propagating changes at 19:40:04.54 on 04 Apr 2021
[2021-04-04 19:41:39 +0800] Sync Log:  [BGN] Updating file docker-compose-dev.yml from /host_sync to /app_sync
[2021-04-04 19:41:39 +0800] Sync Log:  [END] Updating file docker-compose-dev.yml
[2021-04-04 19:41:39 +0800] Sync Log:  UNISON 2.51.2 (OCAML 4.06.1) finished propagating changes at 19:40:04.54 on 04 Apr 2021
[2021-04-04 19:41:39 +0800] Sync Log:  Synchronization complete at 19:40:04  (1 item transferred, 0 skipped, 0 failed)
[2021-04-04 19:41:39 +0800] Sync Log:  UNISON 2.51.2 (OCAML 4.06.1) started propagating changes at 19:40:19.18 on 04 Apr 2021
[2021-04-04 19:41:39 +0800] Sync Log:  [BGN] Updating file docker-sync.yml from /host_sync to /app_sync
[2021-04-04 19:41:39 +0800] Sync Log:  [END] Updating file docker-sync.yml
[2021-04-04 19:41:39 +0800] Sync Log:  UNISON 2.51.2 (OCAML 4.06.1) finished propagating changes at 19:40:19.18 on 04 Apr 2021
[2021-04-04 19:41:39 +0800] Sync Log:  Synchronization complete at 19:40:19  (1 item transferred, 0 skipped, 0 failed)
unison: stopped
unison: started
     success  Sync container started
     success  Showing unison logs from your sync container: app-code-sync-nginx
[2021-04-04 19:41:41 +0800] Sync Log:  UNISON 2.51.2 (OCAML 4.06.1) started propagating changes at 18:22:06.88 on 04 Apr 2021
[2021-04-04 19:41:41 +0800] Sync Log:  [BGN] Updating file docker-sync.yml from /host_sync to /app_sync
[2021-04-04 19:41:41 +0800] Sync Log:  [END] Updating file docker-sync.yml
[2021-04-04 19:41:41 +0800] Sync Log:  UNISON 2.51.2 (OCAML 4.06.1) finished propagating changes at 18:22:06.88 on 04 Apr 2021
[2021-04-04 19:41:41 +0800] Sync Log:  Synchronization complete at 18:22:06  (1 item transferred, 0 skipped, 0 failed)
[2021-04-04 19:41:41 +0800] Sync Log:  UNISON 2.51.2 (OCAML 4.06.1) started propagating changes at 19:35:02.62 on 04 Apr 2021
[2021-04-04 19:41:41 +0800] Sync Log:  [BGN] Updating file docker-compose-dev.yml from /host_sync to /app_sync
[2021-04-04 19:41:41 +0800] Sync Log:  [END] Updating file docker-compose-dev.yml
[2021-04-04 19:41:41 +0800] Sync Log:  UNISON 2.51.2 (OCAML 4.06.1) finished propagating changes at 19:35:02.63 on 04 Apr 2021
[2021-04-04 19:41:41 +0800] Sync Log:  Synchronization complete at 19:35:02  (1 item transferred, 0 skipped, 0 failed)
[2021-04-04 19:42:39 +0800] Sync Log:  UNISON 2.51.2 (OCAML 4.06.1) started propagating changes at 19:42:38.77 on 04 Apr 2021
[2021-04-04 19:42:39 +0800] Sync Log:  [BGN] Updating file .docker-sync/daemon.log from /host_sync to /app_sync
[2021-04-04 19:42:39 +0800] Sync Log:  Failed: The source file /host_sync/.docker-sync/daemon.log
[2021-04-04 19:42:39 +0800] Sync Log:  has been modified during synchronization.  Transfer aborted.
[2021-04-04 19:42:39 +0800] Sync Log:  [BGN] Updating file .docker-sync/daemon.pid from /host_sync to /app_sync
[2021-04-04 19:42:39 +0800] Sync Log:  [END] Updating file .docker-sync/daemon.pid
[2021-04-04 19:42:39 +0800] Sync Log:  UNISON 2.51.2 (OCAML 4.06.1) finished propagating changes at 19:42:38.78 on 04 Apr 2021
[2021-04-04 19:42:39 +0800] Sync Log:  Synchronization incomplete at 19:42:38  (1 item transferred, 0 skipped, 1 failed)
[2021-04-04 19:42:39 +0800] Sync Log:    failed: .docker-sync/daemon.log
[2021-04-04 19:42:41 +0800] Sync Log:  UNISON 2.51.2 (OCAML 4.06.1) started propagating changes at 19:42:41.01 on 04 Apr 2021
[2021-04-04 19:42:41 +0800] Sync Log:  [BGN] Updating file .docker-sync/daemon.log from /host_sync to /app_sync
[2021-04-04 19:42:41 +0800] Sync Log:  [END] Updating file .docker-sync/daemon.log
[2021-04-04 19:42:41 +0800] Sync Log:  [BGN] Updating file docker-compose-dev.yml from /host_sync to /app_sync
[2021-04-04 19:42:41 +0800] Sync Log:  [END] Updating file docker-compose-dev.yml
[2021-04-04 19:42:41 +0800] Sync Log:  [BGN] Updating file docker-sync.yml from /host_sync to /app_sync
[2021-04-04 19:42:41 +0800] Sync Log:  [END] Updating file docker-sync.yml
[2021-04-04 19:42:41 +0800] Sync Log:  UNISON 2.51.2 (OCAML 4.06.1) finished propagating changes at 19:42:41.02 on 04 Apr 2021
[2021-04-04 19:42:41 +0800] Sync Log:  Synchronization complete at 19:42:41  (3 items transferred, 0 skipped, 0 failed)
[2021-04-04 19:42:42 +0800] Sync Log:  UNISON 2.51.2 (OCAML 4.06.1) started propagating changes at 19:42:42.20 on 04 Apr 2021
[2021-04-04 19:42:42 +0800] Sync Log:  [BGN] Updating file docker-compose-dev.yml from /host_sync to /app_sync
[2021-04-04 19:42:42 +0800] Sync Log:  [END] Updating file docker-compose-dev.yml
[2021-04-04 19:42:42 +0800] Sync Log:  UNISON 2.51.2 (OCAML 4.06.1) finished propagating changes at 19:42:42.20 on 04 Apr 2021
[2021-04-04 19:42:42 +0800] Sync Log:  Synchronization complete at 19:42:42  (1 item transferred, 0 skipped, 0 failed)
[2021-04-04 19:42:53 +0800] Sync Log:  UNISON 2.51.2 (OCAML 4.06.1) started propagating changes at 19:42:52.42 on 04 Apr 2021
[2021-04-04 19:42:53 +0800] Sync Log:  [BGN] Updating file .docker-sync/daemon.log from /host_sync to /app_sync
[2021-04-04 19:42:53 +0800] Sync Log:  Failed: The source file /host_sync/.docker-sync/daemon.log
[2021-04-04 19:42:53 +0800] Sync Log:  has been modified during synchronization.  Transfer aborted.
[2021-04-04 19:42:53 +0800] Sync Log:  [BGN] Updating file .docker-sync/daemon.pid from /host_sync to /app_sync
[2021-04-04 19:42:53 +0800] Sync Log:  [END] Updating file .docker-sync/daemon.pid
[2021-04-04 19:42:53 +0800] Sync Log:  [BGN] Updating file docker-compose-dev.yml from /host_sync to /app_sync
[2021-04-04 19:42:53 +0800] Sync Log:  Failed: The source file /host_sync/docker-compose-dev.yml
[2021-04-04 19:42:53 +0800] Sync Log:  has been modified during synchronization.  Transfer aborted.
[2021-04-04 19:42:53 +0800] Sync Log:  [BGN] Updating file docker-sync.yml from /host_sync to /app_sync
[2021-04-04 19:42:53 +0800] Sync Log:  Failed: The source file /host_sync/docker-sync.yml
[2021-04-04 19:42:53 +0800] Sync Log:  has been modified during synchronization.  Transfer aborted.
[2021-04-04 19:42:53 +0800] Sync Log:  UNISON 2.51.2 (OCAML 4.06.1) finished propagating changes at 19:42:52.43 on 04 Apr 2021
[2021-04-04 19:42:53 +0800] Sync Log:  Synchronization incomplete at 19:42:52  (1 item transferred, 0 skipped, 3 failed)
[2021-04-04 19:42:53 +0800] Sync Log:    failed: .docker-sync/daemon.log
[2021-04-04 19:42:53 +0800] Sync Log:    failed: docker-compose-dev.yml
[2021-04-04 19:42:53 +0800] Sync Log:    failed: docker-sync.yml
[2021-04-04 19:42:55 +0800] Sync Log:  UNISON 2.51.2 (OCAML 4.06.1) started propagating changes at 19:42:54.54 on 04 Apr 2021
[2021-04-04 19:42:55 +0800] Sync Log:  [BGN] Updating file .docker-sync/daemon.log from /host_sync to /app_sync
[2021-04-04 19:42:55 +0800] Sync Log:  [END] Updating file .docker-sync/daemon.log
[2021-04-04 19:42:55 +0800] Sync Log:  [BGN] Updating file docker-compose-dev.yml from /host_sync to /app_sync
[2021-04-04 19:42:55 +0800] Sync Log:  [END] Updating file docker-compose-dev.yml
[2021-04-04 19:42:55 +0800] Sync Log:  UNISON 2.51.2 (OCAML 4.06.1) finished propagating changes at 19:42:54.55 on 04 Apr 2021
[2021-04-04 19:42:55 +0800] Sync Log:  Synchronization complete at 19:42:54  (2 items transferred, 0 skipped, 0 failed)
    shutdown  Shutting down...
          ok  Stopping sync container app-code-sync
          ok  Stopping sync container app-code-sync-nginx
          ok  Starting native_osx for sync app-code-sync
          ok  app-code-sync container still running, restarting unison in container
unison: stopped
unison: started
     success  Sync container started
     success  Showing unison logs from your sync container: app-code-sync
[2021-04-04 19:43:09 +0800] Sync Log:  [END] Updating file docker-compose-dev.yml
[2021-04-04 19:43:09 +0800] Sync Log:  [BGN] Updating file docker-sync.yml from /host_sync to /app_sync
[2021-04-04 19:43:09 +0800] Sync Log:  [END] Updating file docker-sync.yml
[2021-04-04 19:43:09 +0800] Sync Log:  UNISON 2.51.2 (OCAML 4.06.1) finished propagating changes at 19:42:41.02 on 04 Apr 2021
[2021-04-04 19:43:09 +0800] Sync Log:  Synchronization complete at 19:42:41  (3 items transferred, 0 skipped, 0 failed)
[2021-04-04 19:43:09 +0800] Sync Log:  UNISON 2.51.2 (OCAML 4.06.1) started propagating changes at 19:42:42.20 on 04 Apr 2021
[2021-04-04 19:43:09 +0800] Sync Log:  [BGN] Updating file docker-compose-dev.yml from /host_sync to /app_sync
[2021-04-04 19:43:09 +0800] Sync Log:  [END] Updating file docker-compose-dev.yml
[2021-04-04 19:43:09 +0800] Sync Log:  UNISON 2.51.2 (OCAML 4.06.1) finished propagating changes at 19:42:42.20 on 04 Apr 2021
[2021-04-04 19:43:09 +0800] Sync Log:  Synchronization complete at 19:42:42  (1 item transferred, 0 skipped, 0 failed)
          ok  Starting native_osx for sync app-code-sync
          ok  app-code-sync container still running, restarting unison in container
unison: stopped
unison: started
     success  Sync container started
     success  Showing unison logs from your sync container: app-code-sync
[2021-04-04 20:07:57 +0800] Sync Log:  [END] Updating file docker-compose-dev.yml
[2021-04-04 20:07:57 +0800] Sync Log:  [BGN] Updating file docker-sync.yml from /host_sync to /app_sync
[2021-04-04 20:07:57 +0800] Sync Log:  [END] Updating file docker-sync.yml
[2021-04-04 20:07:57 +0800] Sync Log:  UNISON 2.51.2 (OCAML 4.06.1) finished propagating changes at 19:42:41.02 on 04 Apr 2021
[2021-04-04 20:07:57 +0800] Sync Log:  Synchronization complete at 19:42:41  (3 items transferred, 0 skipped, 0 failed)
[2021-04-04 20:07:57 +0800] Sync Log:  UNISON 2.51.2 (OCAML 4.06.1) started propagating changes at 19:42:42.20 on 04 Apr 2021
[2021-04-04 20:07:57 +0800] Sync Log:  [BGN] Updating file docker-compose-dev.yml from /host_sync to /app_sync
[2021-04-04 20:07:57 +0800] Sync Log:  [END] Updating file docker-compose-dev.yml
[2021-04-04 20:07:57 +0800] Sync Log:  UNISON 2.51.2 (OCAML 4.06.1) finished propagating changes at 19:42:42.20 on 04 Apr 2021
[2021-04-04 20:07:57 +0800] Sync Log:  Synchronization complete at 19:42:42  (1 item transferred, 0 skipped, 0 failed)
[2021-04-04 20:09:14 +0800] Sync Log:  UNISON 2.51.2 (OCAML 4.06.1) started propagating changes at 20:09:13.45 on 04 Apr 2021
[2021-04-04 20:09:14 +0800] Sync Log:  [BGN] Updating file .docker-sync/daemon.log from /host_sync to /app_sync
[2021-04-04 20:09:14 +0800] Sync Log:  [END] Updating file .docker-sync/daemon.log
[2021-04-04 20:09:14 +0800] Sync Log:  [BGN] Updating file .docker-sync/daemon.pid from /host_sync to /app_sync
[2021-04-04 20:09:14 +0800] Sync Log:  [END] Updating file .docker-sync/daemon.pid
[2021-04-04 20:09:14 +0800] Sync Log:  [BGN] Updating file docker-compose-dev.yml from /host_sync to /app_sync
[2021-04-04 20:09:14 +0800] Sync Log:  [END] Updating file docker-compose-dev.yml
[2021-04-04 20:09:14 +0800] Sync Log:  UNISON 2.51.2 (OCAML 4.06.1) finished propagating changes at 20:09:13.46 on 04 Apr 2021
[2021-04-04 20:09:14 +0800] Sync Log:  Synchronization complete at 20:09:13  (3 items transferred, 0 skipped, 0 failed)
[2021-04-04 20:09:15 +0800] Sync Log:  UNISON 2.51.2 (OCAML 4.06.1) started propagating changes at 20:09:14.58 on 04 Apr 2021
[2021-04-04 20:09:15 +0800] Sync Log:  [BGN] Updating file docker-compose.yml from /host_sync to /app_sync
[2021-04-04 20:09:15 +0800] Sync Log:  [END] Updating file docker-compose.yml
[2021-04-04 20:09:15 +0800] Sync Log:  UNISON 2.51.2 (OCAML 4.06.1) finished propagating changes at 20:09:14.59 on 04 Apr 2021
[2021-04-04 20:09:15 +0800] Sync Log:  Synchronization complete at 20:09:14  (1 item transferred, 0 skipped, 0 failed)
          ok  Starting native_osx for sync app-code-sync
          ok  app-code-sync container still running, restarting unison in container
unison: stopped
unison: started
     success  Sync container started
     success  Showing unison logs from your sync container: app-code-sync
[2021-04-04 20:26:57 +0800] Sync Log:  [END] Updating file .docker-sync/daemon.pid
[2021-04-04 20:26:57 +0800] Sync Log:  [BGN] Updating file docker-compose-dev.yml from /host_sync to /app_sync
[2021-04-04 20:26:57 +0800] Sync Log:  [END] Updating file docker-compose-dev.yml
[2021-04-04 20:26:57 +0800] Sync Log:  UNISON 2.51.2 (OCAML 4.06.1) finished propagating changes at 20:09:13.46 on 04 Apr 2021
[2021-04-04 20:26:57 +0800] Sync Log:  Synchronization complete at 20:09:13  (3 items transferred, 0 skipped, 0 failed)
[2021-04-04 20:26:57 +0800] Sync Log:  UNISON 2.51.2 (OCAML 4.06.1) started propagating changes at 20:09:14.58 on 04 Apr 2021
[2021-04-04 20:26:57 +0800] Sync Log:  [BGN] Updating file docker-compose.yml from /host_sync to /app_sync
[2021-04-04 20:26:57 +0800] Sync Log:  [END] Updating file docker-compose.yml
[2021-04-04 20:26:57 +0800] Sync Log:  UNISON 2.51.2 (OCAML 4.06.1) finished propagating changes at 20:09:14.59 on 04 Apr 2021
[2021-04-04 20:26:57 +0800] Sync Log:  Synchronization complete at 20:09:14  (1 item transferred, 0 skipped, 0 failed)
          ok  Starting native_osx for sync app-code-sync
          ok  app-code-sync container still running, restarting unison in container
unison: stopped
unison: started
     success  Sync container started
     success  Showing unison logs from your sync container: app-code-sync
[2021-04-05 13:13:27 +0800] Sync Log:  [END] Updating file .docker-sync/daemon.pid
[2021-04-05 13:13:27 +0800] Sync Log:  [BGN] Updating file docker-compose-dev.yml from /host_sync to /app_sync
[2021-04-05 13:13:27 +0800] Sync Log:  [END] Updating file docker-compose-dev.yml
[2021-04-05 13:13:27 +0800] Sync Log:  UNISON 2.51.2 (OCAML 4.06.1) finished propagating changes at 20:09:13.46 on 04 Apr 2021
[2021-04-05 13:13:27 +0800] Sync Log:  Synchronization complete at 20:09:13  (3 items transferred, 0 skipped, 0 failed)
[2021-04-05 13:13:27 +0800] Sync Log:  UNISON 2.51.2 (OCAML 4.06.1) started propagating changes at 20:09:14.58 on 04 Apr 2021
[2021-04-05 13:13:27 +0800] Sync Log:  [BGN] Updating file docker-compose.yml from /host_sync to /app_sync
[2021-04-05 13:13:27 +0800] Sync Log:  [END] Updating file docker-compose.yml
[2021-04-05 13:13:27 +0800] Sync Log:  UNISON 2.51.2 (OCAML 4.06.1) finished propagating changes at 20:09:14.59 on 04 Apr 2021
[2021-04-05 13:13:27 +0800] Sync Log:  Synchronization complete at 20:09:14  (1 item transferred, 0 skipped, 0 failed)
          ok  Starting native_osx for sync app-code-sync
          ok  app-code-sync container still running, restarting unison in container
unison: stopped
unison: started
     success  Sync container started
     success  Showing unison logs from your sync container: app-code-sync
[2021-04-05 13:15:18 +0800] Sync Log:  [END] Updating file .docker-sync/daemon.pid
[2021-04-05 13:15:18 +0800] Sync Log:  [BGN] Updating file docker-compose-dev.yml from /host_sync to /app_sync
[2021-04-05 13:15:18 +0800] Sync Log:  [END] Updating file docker-compose-dev.yml
[2021-04-05 13:15:18 +0800] Sync Log:  UNISON 2.51.2 (OCAML 4.06.1) finished propagating changes at 20:09:13.46 on 04 Apr 2021
[2021-04-05 13:15:18 +0800] Sync Log:  Synchronization complete at 20:09:13  (3 items transferred, 0 skipped, 0 failed)
[2021-04-05 13:15:18 +0800] Sync Log:  UNISON 2.51.2 (OCAML 4.06.1) started propagating changes at 20:09:14.58 on 04 Apr 2021
[2021-04-05 13:15:18 +0800] Sync Log:  [BGN] Updating file docker-compose.yml from /host_sync to /app_sync
[2021-04-05 13:15:18 +0800] Sync Log:  [END] Updating file docker-compose.yml
[2021-04-05 13:15:18 +0800] Sync Log:  UNISON 2.51.2 (OCAML 4.06.1) finished propagating changes at 20:09:14.59 on 04 Apr 2021
[2021-04-05 13:15:18 +0800] Sync Log:  Synchronization complete at 20:09:14  (1 item transferred, 0 skipped, 0 failed)
[2021-04-05 13:16:17 +0800] Sync Log:  UNISON 2.51.2 (OCAML 4.06.1) started propagating changes at 13:16:17.16 on 05 Apr 2021
[2021-04-05 13:16:17 +0800] Sync Log:  [BGN] Updating file .docker-sync/daemon.log from /host_sync to /app_sync
[2021-04-05 13:16:17 +0800] Sync Log:  Failed: The source file /host_sync/.docker-sync/daemon.log
[2021-04-05 13:16:17 +0800] Sync Log:  has been modified during synchronization.  Transfer aborted.
[2021-04-05 13:16:17 +0800] Sync Log:  [BGN] Updating file .docker-sync/daemon.pid from /host_sync to /app_sync
[2021-04-05 13:16:17 +0800] Sync Log:  [END] Updating file .docker-sync/daemon.pid
[2021-04-05 13:16:17 +0800] Sync Log:  [BGN] Updating file docker-sync.yml from /host_sync to /app_sync
[2021-04-05 13:16:17 +0800] Sync Log:  [END] Updating file docker-sync.yml
[2021-04-05 13:16:17 +0800] Sync Log:  UNISON 2.51.2 (OCAML 4.06.1) finished propagating changes at 13:16:17.17 on 05 Apr 2021
[2021-04-05 13:16:17 +0800] Sync Log:  Synchronization incomplete at 13:16:17  (2 items transferred, 0 skipped, 1 failed)
[2021-04-05 13:16:17 +0800] Sync Log:    failed: .docker-sync/daemon.log
[2021-04-05 13:16:18 +0800] Sync Log:  UNISON 2.51.2 (OCAML 4.06.1) started propagating changes at 13:16:18.31 on 05 Apr 2021
[2021-04-05 13:16:18 +0800] Sync Log:  [BGN] Updating file .docker-sync/daemon.log from /host_sync to /app_sync
[2021-04-05 13:16:18 +0800] Sync Log:  [END] Updating file .docker-sync/daemon.log
[2021-04-05 13:16:18 +0800] Sync Log:  UNISON 2.51.2 (OCAML 4.06.1) finished propagating changes at 13:16:18.34 on 05 Apr 2021
[2021-04-05 13:16:18 +0800] Sync Log:  Synchronization complete at 13:16:18  (1 item transferred, 0 skipped, 0 failed)
          ok  Starting native_osx for sync app-code-sync
          ok  app-code-sync container still running, restarting unison in container
unison: stopped
unison: started
     success  Sync container started
     success  Showing unison logs from your sync container: app-code-sync
[2021-04-05 14:26:09 +0800] Sync Log:  [BGN] Updating file docker-sync.yml from /host_sync to /app_sync
[2021-04-05 14:26:09 +0800] Sync Log:  [END] Updating file docker-sync.yml
[2021-04-05 14:26:09 +0800] Sync Log:  UNISON 2.51.2 (OCAML 4.06.1) finished propagating changes at 13:16:17.17 on 05 Apr 2021
[2021-04-05 14:26:09 +0800] Sync Log:  Synchronization incomplete at 13:16:17  (2 items transferred, 0 skipped, 1 failed)
[2021-04-05 14:26:09 +0800] Sync Log:    failed: .docker-sync/daemon.log
[2021-04-05 14:26:09 +0800] Sync Log:  UNISON 2.51.2 (OCAML 4.06.1) started propagating changes at 13:16:18.31 on 05 Apr 2021
[2021-04-05 14:26:09 +0800] Sync Log:  [BGN] Updating file .docker-sync/daemon.log from /host_sync to /app_sync
[2021-04-05 14:26:09 +0800] Sync Log:  [END] Updating file .docker-sync/daemon.log
[2021-04-05 14:26:09 +0800] Sync Log:  UNISON 2.51.2 (OCAML 4.06.1) finished propagating changes at 13:16:18.34 on 05 Apr 2021
[2021-04-05 14:26:09 +0800] Sync Log:  Synchronization complete at 13:16:18  (1 item transferred, 0 skipped, 0 failed)
[2021-04-05 14:27:00 +0800] Sync Log:  UNISON 2.51.2 (OCAML 4.06.1) started propagating changes at 14:27:00.19 on 05 Apr 2021
[2021-04-05 14:27:00 +0800] Sync Log:  [BGN] Updating file .docker-sync/daemon.log from /host_sync to /app_sync
[2021-04-05 14:27:00 +0800] Sync Log:  [END] Updating file .docker-sync/daemon.log
[2021-04-05 14:27:00 +0800] Sync Log:  [BGN] Updating file .docker-sync/daemon.pid from /host_sync to /app_sync
[2021-04-05 14:27:00 +0800] Sync Log:  [END] Updating file .docker-sync/daemon.pid
[2021-04-05 14:27:00 +0800] Sync Log:  [BGN] Updating file docker-compose-dev.yml from /host_sync to /app_sync
[2021-04-05 14:27:00 +0800] Sync Log:  Failed: The source file /host_sync/docker-compose-dev.yml
[2021-04-05 14:27:00 +0800] Sync Log:  has been modified during synchronization.  Transfer aborted.
[2021-04-05 14:27:00 +0800] Sync Log:  [BGN] Updating file docker-compose.yml from /host_sync to /app_sync
[2021-04-05 14:27:00 +0800] Sync Log:  [END] Updating file docker-compose.yml
[2021-04-05 14:27:00 +0800] Sync Log:  UNISON 2.51.2 (OCAML 4.06.1) finished propagating changes at 14:27:00.21 on 05 Apr 2021
[2021-04-05 14:27:00 +0800] Sync Log:  Synchronization incomplete at 14:27:00  (3 items transferred, 0 skipped, 1 failed)
[2021-04-05 14:27:00 +0800] Sync Log:    failed: docker-compose-dev.yml
[2021-04-05 14:27:01 +0800] Sync Log:  UNISON 2.51.2 (OCAML 4.06.1) started propagating changes at 14:27:01.33 on 05 Apr 2021
[2021-04-05 14:27:01 +0800] Sync Log:  [BGN] Updating file docker-compose-dev.yml from /host_sync to /app_sync
[2021-04-05 14:27:01 +0800] Sync Log:  [END] Updating file docker-compose-dev.yml
[2021-04-05 14:27:01 +0800] Sync Log:  [BGN] Updating file docker-sync.yml from /host_sync to /app_sync
[2021-04-05 14:27:01 +0800] Sync Log:  [END] Updating file docker-sync.yml
[2021-04-05 14:27:01 +0800] Sync Log:  UNISON 2.51.2 (OCAML 4.06.1) finished propagating changes at 14:27:01.34 on 05 Apr 2021
[2021-04-05 14:27:01 +0800] Sync Log:  Synchronization complete at 14:27:01  (2 items transferred, 0 skipped, 0 failed)
[2021-04-05 14:27:12 +0800] Sync Log:  UNISON 2.51.2 (OCAML 4.06.1) started propagating changes at 14:27:12.40 on 05 Apr 2021
[2021-04-05 14:27:12 +0800] Sync Log:  [BGN] Updating file docker-compose-dev.yml from /host_sync to /app_sync
[2021-04-05 14:27:12 +0800] Sync Log:  [END] Updating file docker-compose-dev.yml
[2021-04-05 14:27:12 +0800] Sync Log:  UNISON 2.51.2 (OCAML 4.06.1) finished propagating changes at 14:27:12.40 on 05 Apr 2021
[2021-04-05 14:27:12 +0800] Sync Log:  Synchronization complete at 14:27:12  (1 item transferred, 0 skipped, 0 failed)
          ok  Starting native_osx for sync app-code-sync
          ok  app-code-sync container still running, restarting unison in container
unison: stopped
unison: started
     success  Sync container started
     success  Showing unison logs from your sync container: app-code-sync
          ok  Starting native_osx for sync app-code-sync-nginx
          ok  app-code-sync-nginx container still running, restarting unison in container
[2021-04-05 14:28:15 +0800] Sync Log:  [END] Updating file docker-compose-dev.yml
[2021-04-05 14:28:15 +0800] Sync Log:  [BGN] Updating file docker-sync.yml from /host_sync to /app_sync
[2021-04-05 14:28:15 +0800] Sync Log:  [END] Updating file docker-sync.yml
[2021-04-05 14:28:15 +0800] Sync Log:  UNISON 2.51.2 (OCAML 4.06.1) finished propagating changes at 14:27:01.34 on 05 Apr 2021
[2021-04-05 14:28:16 +0800] Sync Log:  Synchronization complete at 14:27:01  (2 items transferred, 0 skipped, 0 failed)
[2021-04-05 14:28:16 +0800] Sync Log:  UNISON 2.51.2 (OCAML 4.06.1) started propagating changes at 14:27:12.40 on 05 Apr 2021
[2021-04-05 14:28:16 +0800] Sync Log:  [BGN] Updating file docker-compose-dev.yml from /host_sync to /app_sync
[2021-04-05 14:28:16 +0800] Sync Log:  [END] Updating file docker-compose-dev.yml
[2021-04-05 14:28:16 +0800] Sync Log:  UNISON 2.51.2 (OCAML 4.06.1) finished propagating changes at 14:27:12.40 on 05 Apr 2021
[2021-04-05 14:28:16 +0800] Sync Log:  Synchronization complete at 14:27:12  (1 item transferred, 0 skipped, 0 failed)
unison: stopped
unison: started
     success  Sync container started
     success  Showing unison logs from your sync container: app-code-sync-nginx
[2021-04-05 14:28:17 +0800] Sync Log:    failed: .docker-sync/daemon.log
[2021-04-05 14:28:17 +0800] Sync Log:    failed: docker-compose-dev.yml
[2021-04-05 14:28:17 +0800] Sync Log:    failed: docker-sync.yml
[2021-04-05 14:28:17 +0800] Sync Log:  UNISON 2.51.2 (OCAML 4.06.1) started propagating changes at 19:42:54.54 on 04 Apr 2021
[2021-04-05 14:28:17 +0800] Sync Log:  [BGN] Updating file .docker-sync/daemon.log from /host_sync to /app_sync
[2021-04-05 14:28:17 +0800] Sync Log:  [END] Updating file .docker-sync/daemon.log
[2021-04-05 14:28:17 +0800] Sync Log:  [BGN] Updating file docker-compose-dev.yml from /host_sync to /app_sync
[2021-04-05 14:28:17 +0800] Sync Log:  [END] Updating file docker-compose-dev.yml
[2021-04-05 14:28:17 +0800] Sync Log:  UNISON 2.51.2 (OCAML 4.06.1) finished propagating changes at 19:42:54.55 on 04 Apr 2021
[2021-04-05 14:28:17 +0800] Sync Log:  Synchronization complete at 19:42:54  (2 items transferred, 0 skipped, 0 failed)
[2021-04-05 14:29:10 +0800] Sync Log:  UNISON 2.51.2 (OCAML 4.06.1) started propagating changes at 14:29:10.05 on 05 Apr 2021
[2021-04-05 14:29:10 +0800] Sync Log:  [BGN] Updating file .docker-sync/daemon.log from /host_sync to /app_sync
[2021-04-05 14:29:10 +0800] Sync Log:  [END] Updating file .docker-sync/daemon.log
[2021-04-05 14:29:10 +0800] Sync Log:  [BGN] Updating file .docker-sync/daemon.pid from /host_sync to /app_sync
[2021-04-05 14:29:10 +0800] Sync Log:  [END] Updating file .docker-sync/daemon.pid
[2021-04-05 14:29:10 +0800] Sync Log:  [BGN] Updating file docker-compose-dev.yml from /host_sync to /app_sync
[2021-04-05 14:29:10 +0800] Sync Log:  [END] Updating file docker-compose-dev.yml
[2021-04-05 14:29:10 +0800] Sync Log:  [BGN] Updating file docker-compose.yml from /host_sync to /app_sync
[2021-04-05 14:29:10 +0800] Sync Log:  [END] Updating file docker-compose.yml
[2021-04-05 14:29:10 +0800] Sync Log:  [BGN] Updating file docker-sync.yml from /host_sync to /app_sync
[2021-04-05 14:29:10 +0800] Sync Log:  [END] Updating file docker-sync.yml
[2021-04-05 14:29:10 +0800] Sync Log:  UNISON 2.51.2 (OCAML 4.06.1) finished propagating changes at 14:29:10.06 on 05 Apr 2021
[2021-04-05 14:29:10 +0800] Sync Log:  Synchronization complete at 14:29:10  (5 items transferred, 0 skipped, 0 failed)
[2021-04-05 14:29:16 +0800] Sync Log:  UNISON 2.51.2 (OCAML 4.06.1) started propagating changes at 14:29:15.25 on 05 Apr 2021
[2021-04-05 14:29:16 +0800] Sync Log:  [BGN] Updating file .docker-sync/daemon.log from /host_sync to /app_sync
[2021-04-05 14:29:16 +0800] Sync Log:  Failed: The source file /host_sync/.docker-sync/daemon.log
[2021-04-05 14:29:16 +0800] Sync Log:  has been modified during synchronization.  Transfer aborted.
[2021-04-05 14:29:16 +0800] Sync Log:  [BGN] Updating file .docker-sync/daemon.pid from /host_sync to /app_sync
[2021-04-05 14:29:16 +0800] Sync Log:  [END] Updating file .docker-sync/daemon.pid
[2021-04-05 14:29:16 +0800] Sync Log:  UNISON 2.51.2 (OCAML 4.06.1) finished propagating changes at 14:29:15.26 on 05 Apr 2021
[2021-04-05 14:29:16 +0800] Sync Log:  Synchronization incomplete at 14:29:15  (1 item transferred, 0 skipped, 1 failed)
[2021-04-05 14:29:16 +0800] Sync Log:    failed: .docker-sync/daemon.log
[2021-04-05 14:29:18 +0800] Sync Log:  UNISON 2.51.2 (OCAML 4.06.1) started propagating changes at 14:29:17.36 on 05 Apr 2021
[2021-04-05 14:29:18 +0800] Sync Log:  [BGN] Updating file .docker-sync/daemon.log from /host_sync to /app_sync
[2021-04-05 14:29:18 +0800] Sync Log:  [END] Updating file .docker-sync/daemon.log
[2021-04-05 14:29:18 +0800] Sync Log:  UNISON 2.51.2 (OCAML 4.06.1) finished propagating changes at 14:29:17.36 on 05 Apr 2021
[2021-04-05 14:29:18 +0800] Sync Log:  Synchronization complete at 14:29:17  (1 item transferred, 0 skipped, 0 failed)
[2021-04-05 14:29:54 +0800] Sync Log:  UNISON 2.51.2 (OCAML 4.06.1) started propagating changes at 14:29:53.42 on 05 Apr 2021
[2021-04-05 14:29:54 +0800] Sync Log:  [BGN] Updating file docker-compose.yml from /host_sync to /app_sync
[2021-04-05 14:29:54 +0800] Sync Log:  [END] Updating file docker-compose.yml
[2021-04-05 14:29:54 +0800] Sync Log:  UNISON 2.51.2 (OCAML 4.06.1) finished propagating changes at 14:29:53.43 on 05 Apr 2021
[2021-04-05 14:29:54 +0800] Sync Log:  Synchronization complete at 14:29:53  (1 item transferred, 0 skipped, 0 failed)
[2021-04-05 14:29:54 +0800] Sync Log:  UNISON 2.51.2 (OCAML 4.06.1) started propagating changes at 14:29:53.42 on 05 Apr 2021
[2021-04-05 14:29:54 +0800] Sync Log:  [BGN] Updating file docker-compose.yml from /host_sync to /app_sync
[2021-04-05 14:29:54 +0800] Sync Log:  [END] Updating file docker-compose.yml
[2021-04-05 14:29:54 +0800] Sync Log:  UNISON 2.51.2 (OCAML 4.06.1) finished propagating changes at 14:29:53.43 on 05 Apr 2021
[2021-04-05 14:29:54 +0800] Sync Log:  Synchronization complete at 14:29:53  (1 item transferred, 0 skipped, 0 failed)
[2021-04-05 14:30:03 +0800] Sync Log:  UNISON 2.51.2 (OCAML 4.06.1) started propagating changes at 14:30:02.65 on 05 Apr 2021
[2021-04-05 14:30:03 +0800] Sync Log:  [BGN] Updating file docker-compose.yml from /host_sync to /app_sync
[2021-04-05 14:30:03 +0800] Sync Log:  [END] Updating file docker-compose.yml
[2021-04-05 14:30:03 +0800] Sync Log:  UNISON 2.51.2 (OCAML 4.06.1) finished propagating changes at 14:30:02.65 on 05 Apr 2021
[2021-04-05 14:30:03 +0800] Sync Log:  Synchronization complete at 14:30:02  (1 item transferred, 0 skipped, 0 failed)
[2021-04-05 14:30:03 +0800] Sync Log:  UNISON 2.51.2 (OCAML 4.06.1) started propagating changes at 14:30:02.65 on 05 Apr 2021
[2021-04-05 14:30:03 +0800] Sync Log:  [BGN] Updating file docker-compose.yml from /host_sync to /app_sync
[2021-04-05 14:30:03 +0800] Sync Log:  [END] Updating file docker-compose.yml
[2021-04-05 14:30:03 +0800] Sync Log:  UNISON 2.51.2 (OCAML 4.06.1) finished propagating changes at 14:30:02.66 on 05 Apr 2021
[2021-04-05 14:30:03 +0800] Sync Log:  Synchronization complete at 14:30:02  (1 item transferred, 0 skipped, 0 failed)
          ok  Starting native_osx for sync app-code-sync
          ok  app-code-sync container still running, restarting unison in container
unison: stopped
unison: started
     success  Sync container started
     success  Showing unison logs from your sync container: app-code-sync
          ok  Starting native_osx for sync app-code-sync-nginx
          ok  app-code-sync-nginx container still running, restarting unison in container
[2021-04-05 14:30:44 +0800] Sync Log:  UNISON 2.51.2 (OCAML 4.06.1) started propagating changes at 14:29:53.42 on 05 Apr 2021
[2021-04-05 14:30:44 +0800] Sync Log:  [BGN] Updating file docker-compose.yml from /host_sync to /app_sync
[2021-04-05 14:30:44 +0800] Sync Log:  [END] Updating file docker-compose.yml
[2021-04-05 14:30:44 +0800] Sync Log:  UNISON 2.51.2 (OCAML 4.06.1) finished propagating changes at 14:29:53.43 on 05 Apr 2021
[2021-04-05 14:30:44 +0800] Sync Log:  Synchronization complete at 14:29:53  (1 item transferred, 0 skipped, 0 failed)
[2021-04-05 14:30:44 +0800] Sync Log:  UNISON 2.51.2 (OCAML 4.06.1) started propagating changes at 14:30:02.65 on 05 Apr 2021
[2021-04-05 14:30:44 +0800] Sync Log:  [BGN] Updating file docker-compose.yml from /host_sync to /app_sync
[2021-04-05 14:30:44 +0800] Sync Log:  [END] Updating file docker-compose.yml
[2021-04-05 14:30:44 +0800] Sync Log:  UNISON 2.51.2 (OCAML 4.06.1) finished propagating changes at 14:30:02.65 on 05 Apr 2021
[2021-04-05 14:30:44 +0800] Sync Log:  Synchronization complete at 14:30:02  (1 item transferred, 0 skipped, 0 failed)
unison: stopped
unison: started
     success  Sync container started
     success  Showing unison logs from your sync container: app-code-sync-nginx
[2021-04-05 14:30:46 +0800] Sync Log:  UNISON 2.51.2 (OCAML 4.06.1) started propagating changes at 14:29:53.42 on 05 Apr 2021
[2021-04-05 14:30:46 +0800] Sync Log:  [BGN] Updating file docker-compose.yml from /host_sync to /app_sync
[2021-04-05 14:30:46 +0800] Sync Log:  [END] Updating file docker-compose.yml
[2021-04-05 14:30:46 +0800] Sync Log:  UNISON 2.51.2 (OCAML 4.06.1) finished propagating changes at 14:29:53.43 on 05 Apr 2021
[2021-04-05 14:30:46 +0800] Sync Log:  Synchronization complete at 14:29:53  (1 item transferred, 0 skipped, 0 failed)
[2021-04-05 14:30:46 +0800] Sync Log:  UNISON 2.51.2 (OCAML 4.06.1) started propagating changes at 14:30:02.65 on 05 Apr 2021
[2021-04-05 14:30:46 +0800] Sync Log:  [BGN] Updating file docker-compose.yml from /host_sync to /app_sync
[2021-04-05 14:30:46 +0800] Sync Log:  [END] Updating file docker-compose.yml
[2021-04-05 14:30:46 +0800] Sync Log:  UNISON 2.51.2 (OCAML 4.06.1) finished propagating changes at 14:30:02.66 on 05 Apr 2021
[2021-04-05 14:30:46 +0800] Sync Log:  Synchronization complete at 14:30:02  (1 item transferred, 0 skipped, 0 failed)
[2021-04-05 14:31:43 +0800] Sync Log:  UNISON 2.51.2 (OCAML 4.06.1) started propagating changes at 14:31:43.17 on 05 Apr 2021
[2021-04-05 14:31:43 +0800] Sync Log:  [BGN] Updating file .docker-sync/daemon.log from /host_sync to /app_sync
[2021-04-05 14:31:43 +0800] Sync Log:  Failed: The source file /host_sync/.docker-sync/daemon.log
[2021-04-05 14:31:43 +0800] Sync Log:  has been modified during synchronization.  Transfer aborted.
[2021-04-05 14:31:43 +0800] Sync Log:  [BGN] Updating file .docker-sync/daemon.pid from /host_sync to /app_sync
[2021-04-05 14:31:43 +0800] Sync Log:  [END] Updating file .docker-sync/daemon.pid
[2021-04-05 14:31:43 +0800] Sync Log:  UNISON 2.51.2 (OCAML 4.06.1) finished propagating changes at 14:31:43.18 on 05 Apr 2021
[2021-04-05 14:31:44 +0800] Sync Log:  Synchronization incomplete at 14:31:43  (1 item transferred, 0 skipped, 1 failed)
[2021-04-05 14:31:44 +0800] Sync Log:    failed: .docker-sync/daemon.log
[2021-04-05 14:31:46 +0800] Sync Log:  UNISON 2.51.2 (OCAML 4.06.1) started propagating changes at 14:31:45.39 on 05 Apr 2021
[2021-04-05 14:31:46 +0800] Sync Log:  [BGN] Updating file .docker-sync/daemon.log from /host_sync to /app_sync
[2021-04-05 14:31:46 +0800] Sync Log:  [END] Updating file .docker-sync/daemon.log
[2021-04-05 14:31:46 +0800] Sync Log:  UNISON 2.51.2 (OCAML 4.06.1) finished propagating changes at 14:31:45.39 on 05 Apr 2021
[2021-04-05 14:31:46 +0800] Sync Log:  Synchronization complete at 14:31:45  (1 item transferred, 0 skipped, 0 failed)
[2021-04-05 14:31:47 +0800] Sync Log:  UNISON 2.51.2 (OCAML 4.06.1) started propagating changes at 14:31:46.74 on 05 Apr 2021
[2021-04-05 14:31:47 +0800] Sync Log:  [BGN] Updating file .docker-sync/daemon.log from /host_sync to /app_sync
[2021-04-05 14:31:47 +0800] Sync Log:  Failed: The source file /host_sync/.docker-sync/daemon.log
[2021-04-05 14:31:47 +0800] Sync Log:  has been modified during synchronization.  Transfer aborted.
[2021-04-05 14:31:47 +0800] Sync Log:  [BGN] Updating file .docker-sync/daemon.pid from /host_sync to /app_sync
[2021-04-05 14:31:47 +0800] Sync Log:  [END] Updating file .docker-sync/daemon.pid
[2021-04-05 14:31:47 +0800] Sync Log:  UNISON 2.51.2 (OCAML 4.06.1) finished propagating changes at 14:31:46.74 on 05 Apr 2021
[2021-04-05 14:31:47 +0800] Sync Log:  Synchronization incomplete at 14:31:46  (1 item transferred, 0 skipped, 1 failed)
[2021-04-05 14:31:47 +0800] Sync Log:    failed: .docker-sync/daemon.log
[2021-04-05 14:31:49 +0800] Sync Log:  UNISON 2.51.2 (OCAML 4.06.1) started propagating changes at 14:31:48.85 on 05 Apr 2021
[2021-04-05 14:31:49 +0800] Sync Log:  [BGN] Updating file .docker-sync/daemon.log from /host_sync to /app_sync
[2021-04-05 14:31:49 +0800] Sync Log:  [END] Updating file .docker-sync/daemon.log
[2021-04-05 14:31:49 +0800] Sync Log:  UNISON 2.51.2 (OCAML 4.06.1) finished propagating changes at 14:31:48.85 on 05 Apr 2021
[2021-04-05 14:31:49 +0800] Sync Log:  Synchronization complete at 14:31:48  (1 item transferred, 0 skipped, 0 failed)
[2021-04-05 14:32:25 +0800] Sync Log:  UNISON 2.51.2 (OCAML 4.06.1) started propagating changes at 14:32:24.87 on 05 Apr 2021
[2021-04-05 14:32:25 +0800] Sync Log:  [BGN] Updating file docker-compose-dev.yml from /host_sync to /app_sync
[2021-04-05 14:32:25 +0800] Sync Log:  [END] Updating file docker-compose-dev.yml
[2021-04-05 14:32:25 +0800] Sync Log:  UNISON 2.51.2 (OCAML 4.06.1) finished propagating changes at 14:32:24.89 on 05 Apr 2021
[2021-04-05 14:32:25 +0800] Sync Log:  Synchronization complete at 14:32:25  (1 item transferred, 0 skipped, 0 failed)
[2021-04-05 14:32:25 +0800] Sync Log:  UNISON 2.51.2 (OCAML 4.06.1) started propagating changes at 14:32:24.87 on 05 Apr 2021
[2021-04-05 14:32:25 +0800] Sync Log:  [BGN] Updating file docker-compose-dev.yml from /host_sync to /app_sync
[2021-04-05 14:32:25 +0800] Sync Log:  [END] Updating file docker-compose-dev.yml
[2021-04-05 14:32:25 +0800] Sync Log:  UNISON 2.51.2 (OCAML 4.06.1) finished propagating changes at 14:32:24.87 on 05 Apr 2021
[2021-04-05 14:32:25 +0800] Sync Log:  Synchronization complete at 14:32:24  (1 item transferred, 0 skipped, 0 failed)
[2021-04-05 14:32:47 +0800] Sync Log:  UNISON 2.51.2 (OCAML 4.06.1) started propagating changes at 14:32:46.87 on 05 Apr 2021
[2021-04-05 14:32:47 +0800] Sync Log:  [BGN] Updating file docker-compose-dev.yml from /host_sync to /app_sync
[2021-04-05 14:32:47 +0800] Sync Log:  [END] Updating file docker-compose-dev.yml
[2021-04-05 14:32:47 +0800] Sync Log:  UNISON 2.51.2 (OCAML 4.06.1) finished propagating changes at 14:32:46.88 on 05 Apr 2021
[2021-04-05 14:32:47 +0800] Sync Log:  Synchronization complete at 14:32:46  (1 item transferred, 0 skipped, 0 failed)
[2021-04-05 14:32:47 +0800] Sync Log:  UNISON 2.51.2 (OCAML 4.06.1) started propagating changes at 14:32:46.87 on 05 Apr 2021
[2021-04-05 14:32:47 +0800] Sync Log:  [BGN] Updating file docker-compose-dev.yml from /host_sync to /app_sync
[2021-04-05 14:32:47 +0800] Sync Log:  [END] Updating file docker-compose-dev.yml
[2021-04-05 14:32:47 +0800] Sync Log:  UNISON 2.51.2 (OCAML 4.06.1) finished propagating changes at 14:32:46.87 on 05 Apr 2021
[2021-04-05 14:32:47 +0800] Sync Log:  Synchronization complete at 14:32:46  (1 item transferred, 0 skipped, 0 failed)
[2021-04-05 14:32:57 +0800] Sync Log:  UNISON 2.51.2 (OCAML 4.06.1) started propagating changes at 14:32:57.29 on 05 Apr 2021
[2021-04-05 14:32:57 +0800] Sync Log:  [BGN] Updating file docker-sync.yml from /host_sync to /app_sync
[2021-04-05 14:32:57 +0800] Sync Log:  [END] Updating file docker-sync.yml
[2021-04-05 14:32:57 +0800] Sync Log:  UNISON 2.51.2 (OCAML 4.06.1) finished propagating changes at 14:32:57.29 on 05 Apr 2021
[2021-04-05 14:32:57 +0800] Sync Log:  UNISON 2.51.2 (OCAML 4.06.1) started propagating changes at 14:32:57.27 on 05 Apr 2021
[2021-04-05 14:32:57 +0800] Sync Log:  [BGN] Updating file docker-sync.yml from /host_sync to /app_sync
[2021-04-05 14:32:57 +0800] Sync Log:  [END] Updating file docker-sync.yml
[2021-04-05 14:32:57 +0800] Sync Log:  UNISON 2.51.2 (OCAML 4.06.1) finished propagating changes at 14:32:57.27 on 05 Apr 2021
[2021-04-05 14:32:57 +0800] Sync Log:  Synchronization complete at 14:32:57  (1 item transferred, 0 skipped, 0 failed)
[2021-04-05 14:32:58 +0800] Sync Log:  Synchronization complete at 14:32:57  (1 item transferred, 0 skipped, 0 failed)
    shutdown  Shutting down...
          ok  Stopping sync container app-code-sync
          ok  Stopping sync container app-code-sync-nginx
          ok  Starting native_osx for sync app-code-sync
          ok  app-code-sync container still running, restarting unison in container
unison: stopped
unison: started
     success  Sync container started
     success  Showing unison logs from your sync container: app-code-sync
[2021-04-05 14:33:16 +0800] Sync Log:  UNISON 2.51.2 (OCAML 4.06.1) started propagating changes at 14:32:46.87 on 05 Apr 2021
[2021-04-05 14:33:16 +0800] Sync Log:  [BGN] Updating file docker-compose-dev.yml from /host_sync to /app_sync
[2021-04-05 14:33:16 +0800] Sync Log:  [END] Updating file docker-compose-dev.yml
[2021-04-05 14:33:16 +0800] Sync Log:  UNISON 2.51.2 (OCAML 4.06.1) finished propagating changes at 14:32:46.87 on 05 Apr 2021
[2021-04-05 14:33:16 +0800] Sync Log:  Synchronization complete at 14:32:46  (1 item transferred, 0 skipped, 0 failed)
[2021-04-05 14:33:16 +0800] Sync Log:  UNISON 2.51.2 (OCAML 4.06.1) started propagating changes at 14:32:57.27 on 05 Apr 2021
[2021-04-05 14:33:16 +0800] Sync Log:  [BGN] Updating file docker-sync.yml from /host_sync to /app_sync
[2021-04-05 14:33:16 +0800] Sync Log:  [END] Updating file docker-sync.yml
[2021-04-05 14:33:16 +0800] Sync Log:  UNISON 2.51.2 (OCAML 4.06.1) finished propagating changes at 14:32:57.27 on 05 Apr 2021
[2021-04-05 14:33:16 +0800] Sync Log:  Synchronization complete at 14:32:57  (1 item transferred, 0 skipped, 0 failed)
[2021-04-05 14:34:05 +0800] Sync Log:  UNISON 2.51.2 (OCAML 4.06.1) started propagating changes at 14:34:05.41 on 05 Apr 2021
[2021-04-05 14:34:05 +0800] Sync Log:  [BGN] Updating file .docker-sync/daemon.log from /host_sync to /app_sync
[2021-04-05 14:34:05 +0800] Sync Log:  [END] Updating file .docker-sync/daemon.log
[2021-04-05 14:34:05 +0800] Sync Log:  [BGN] Updating file .docker-sync/daemon.pid from /host_sync to /app_sync
[2021-04-05 14:34:05 +0800] Sync Log:  [END] Updating file .docker-sync/daemon.pid
[2021-04-05 14:34:05 +0800] Sync Log:  UNISON 2.51.2 (OCAML 4.06.1) finished propagating changes at 14:34:05.42 on 05 Apr 2021
[2021-04-05 14:34:05 +0800] Sync Log:  Synchronization complete at 14:34:05  (2 items transferred, 0 skipped, 0 failed)
[2021-04-05 14:34:58 +0800] Sync Log:  UNISON 2.51.2 (OCAML 4.06.1) started propagating changes at 14:34:58.23 on 05 Apr 2021
[2021-04-05 14:34:58 +0800] Sync Log:  [BGN] Updating file docker-compose.yml from /host_sync to /app_sync
[2021-04-05 14:34:58 +0800] Sync Log:  [END] Updating file docker-compose.yml
[2021-04-05 14:34:58 +0800] Sync Log:  UNISON 2.51.2 (OCAML 4.06.1) finished propagating changes at 14:34:58.23 on 05 Apr 2021
[2021-04-05 14:34:58 +0800] Sync Log:  Synchronization complete at 14:34:58  (1 item transferred, 0 skipped, 0 failed)
          ok  Starting native_osx for sync app-code-sync
          ok  app-code-sync container still running, restarting unison in container
unison: stopped
unison: started
     success  Sync container started
     success  Showing unison logs from your sync container: app-code-sync
[2021-04-05 14:35:13 +0800] Sync Log:  [END] Updating file .docker-sync/daemon.log
[2021-04-05 14:35:13 +0800] Sync Log:  [BGN] Updating file .docker-sync/daemon.pid from /host_sync to /app_sync
[2021-04-05 14:35:13 +0800] Sync Log:  [END] Updating file .docker-sync/daemon.pid
[2021-04-05 14:35:13 +0800] Sync Log:  UNISON 2.51.2 (OCAML 4.06.1) finished propagating changes at 14:34:05.42 on 05 Apr 2021
[2021-04-05 14:35:13 +0800] Sync Log:  Synchronization complete at 14:34:05  (2 items transferred, 0 skipped, 0 failed)
[2021-04-05 14:35:13 +0800] Sync Log:  UNISON 2.51.2 (OCAML 4.06.1) started propagating changes at 14:34:58.23 on 05 Apr 2021
[2021-04-05 14:35:13 +0800] Sync Log:  [BGN] Updating file docker-compose.yml from /host_sync to /app_sync
[2021-04-05 14:35:13 +0800] Sync Log:  [END] Updating file docker-compose.yml
[2021-04-05 14:35:13 +0800] Sync Log:  UNISON 2.51.2 (OCAML 4.06.1) finished propagating changes at 14:34:58.23 on 05 Apr 2021
[2021-04-05 14:35:13 +0800] Sync Log:  Synchronization complete at 14:34:58  (1 item transferred, 0 skipped, 0 failed)
[2021-04-05 14:35:45 +0800] Sync Log:  UNISON 2.51.2 (OCAML 4.06.1) started propagating changes at 14:35:44.76 on 05 Apr 2021
[2021-04-05 14:35:45 +0800] Sync Log:  [BGN] Updating file .docker-sync/daemon.log from /host_sync to /app_sync
[2021-04-05 14:35:45 +0800] Sync Log:  [END] Updating file .docker-sync/daemon.log
[2021-04-05 14:35:45 +0800] Sync Log:  [BGN] Updating file .docker-sync/daemon.pid from /host_sync to /app_sync
[2021-04-05 14:35:45 +0800] Sync Log:  [END] Updating file .docker-sync/daemon.pid
[2021-04-05 14:35:45 +0800] Sync Log:  UNISON 2.51.2 (OCAML 4.06.1) finished propagating changes at 14:35:44.76 on 05 Apr 2021
[2021-04-05 14:35:45 +0800] Sync Log:  Synchronization complete at 14:35:44  (2 items transferred, 0 skipped, 0 failed)
[2021-04-05 14:35:46 +0800] Sync Log:  UNISON 2.51.2 (OCAML 4.06.1) started propagating changes at 14:35:45.86 on 05 Apr 2021
[2021-04-05 14:35:46 +0800] Sync Log:  [BGN] Updating file docker-compose.yml from /host_sync to /app_sync
[2021-04-05 14:35:46 +0800] Sync Log:  [END] Updating file docker-compose.yml
[2021-04-05 14:35:46 +0800] Sync Log:  UNISON 2.51.2 (OCAML 4.06.1) finished propagating changes at 14:35:45.86 on 05 Apr 2021
[2021-04-05 14:35:46 +0800] Sync Log:  Synchronization complete at 14:35:45  (1 item transferred, 0 skipped, 0 failed)
[2021-04-05 18:30:22 +0800] Sync Log:  UNISON 2.51.2 (OCAML 4.06.1) started propagating changes at 18:30:22.57 on 05 Apr 2021
[2021-04-05 18:30:22 +0800] Sync Log:  [BGN] Updating file docker-compose-dev.yml from /host_sync to /app_sync
[2021-04-05 18:30:22 +0800] Sync Log:  [END] Updating file docker-compose-dev.yml
[2021-04-05 18:30:22 +0800] Sync Log:  UNISON 2.51.2 (OCAML 4.06.1) finished propagating changes at 18:30:22.58 on 05 Apr 2021
[2021-04-05 18:30:22 +0800] Sync Log:  Synchronization complete at 18:30:22  (1 item transferred, 0 skipped, 0 failed)
[2021-04-05 18:30:35 +0800] Sync Log:  UNISON 2.51.2 (OCAML 4.06.1) started propagating changes at 18:30:35.33 on 05 Apr 2021
[2021-04-05 18:30:35 +0800] Sync Log:  [BGN] Updating file docker-compose-dev.yml from /host_sync to /app_sync
[2021-04-05 18:30:35 +0800] Sync Log:  [END] Updating file docker-compose-dev.yml
[2021-04-05 18:30:35 +0800] Sync Log:  UNISON 2.51.2 (OCAML 4.06.1) finished propagating changes at 18:30:35.34 on 05 Apr 2021
[2021-04-05 18:30:35 +0800] Sync Log:  Synchronization complete at 18:30:35  (1 item transferred, 0 skipped, 0 failed)
[2021-04-05 18:30:39 +0800] Sync Log:  UNISON 2.51.2 (OCAML 4.06.1) started propagating changes at 18:30:39.20 on 05 Apr 2021
[2021-04-05 18:30:39 +0800] Sync Log:  [BGN] Updating file docker-compose-dev.yml from /host_sync to /app_sync
[2021-04-05 18:30:39 +0800] Sync Log:  [END] Updating file docker-compose-dev.yml
[2021-04-05 18:30:39 +0800] Sync Log:  UNISON 2.51.2 (OCAML 4.06.1) finished propagating changes at 18:30:39.21 on 05 Apr 2021
[2021-04-05 18:30:39 +0800] Sync Log:  Synchronization complete at 18:30:39  (1 item transferred, 0 skipped, 0 failed)
[2021-04-05 18:30:45 +0800] Sync Log:  UNISON 2.51.2 (OCAML 4.06.1) started propagating changes at 18:30:45.04 on 05 Apr 2021
[2021-04-05 18:30:45 +0800] Sync Log:  [BGN] Updating file docker-compose-dev.yml from /host_sync to /app_sync
[2021-04-05 18:30:45 +0800] Sync Log:  [END] Updating file docker-compose-dev.yml
[2021-04-05 18:30:45 +0800] Sync Log:  UNISON 2.51.2 (OCAML 4.06.1) finished propagating changes at 18:30:45.05 on 05 Apr 2021
[2021-04-05 18:30:45 +0800] Sync Log:  Synchronization complete at 18:30:45  (1 item transferred, 0 skipped, 0 failed)
[2021-04-05 18:31:07 +0800] Sync Log:  UNISON 2.51.2 (OCAML 4.06.1) started propagating changes at 18:31:07.72 on 05 Apr 2021
[2021-04-05 18:31:07 +0800] Sync Log:  [BGN] Updating file docker-compose-dev.yml from /host_sync to /app_sync
[2021-04-05 18:31:07 +0800] Sync Log:  [END] Updating file docker-compose-dev.yml
[2021-04-05 18:31:07 +0800] Sync Log:  UNISON 2.51.2 (OCAML 4.06.1) finished propagating changes at 18:31:07.72 on 05 Apr 2021
[2021-04-05 18:31:07 +0800] Sync Log:  Synchronization complete at 18:31:07  (1 item transferred, 0 skipped, 0 failed)
[2021-04-05 18:31:12 +0800] Sync Log:  UNISON 2.51.2 (OCAML 4.06.1) started propagating changes at 18:31:12.09 on 05 Apr 2021
[2021-04-05 18:31:12 +0800] Sync Log:  [BGN] Updating file docker-compose-dev.yml from /host_sync to /app_sync
[2021-04-05 18:31:12 +0800] Sync Log:  [END] Updating file docker-compose-dev.yml
[2021-04-05 18:31:12 +0800] Sync Log:  UNISON 2.51.2 (OCAML 4.06.1) finished propagating changes at 18:31:12.10 on 05 Apr 2021
[2021-04-05 18:31:12 +0800] Sync Log:  Synchronization complete at 18:31:12  (1 item transferred, 0 skipped, 0 failed)
[2021-04-05 18:31:16 +0800] Sync Log:  UNISON 2.51.2 (OCAML 4.06.1) started propagating changes at 18:31:16.56 on 05 Apr 2021
[2021-04-05 18:31:16 +0800] Sync Log:  [BGN] Updating file docker-compose-dev.yml from /host_sync to /app_sync
[2021-04-05 18:31:16 +0800] Sync Log:  [END] Updating file docker-compose-dev.yml
[2021-04-05 18:31:16 +0800] Sync Log:  UNISON 2.51.2 (OCAML 4.06.1) finished propagating changes at 18:31:16.57 on 05 Apr 2021
[2021-04-05 18:31:16 +0800] Sync Log:  Synchronization complete at 18:31:16  (1 item transferred, 0 skipped, 0 failed)
[2021-04-05 18:31:23 +0800] Sync Log:  UNISON 2.51.2 (OCAML 4.06.1) started propagating changes at 18:31:23.60 on 05 Apr 2021
[2021-04-05 18:31:23 +0800] Sync Log:  [BGN] Updating file docker-compose-dev.yml from /host_sync to /app_sync
[2021-04-05 18:31:23 +0800] Sync Log:  [END] Updating file docker-compose-dev.yml
[2021-04-05 18:31:23 +0800] Sync Log:  UNISON 2.51.2 (OCAML 4.06.1) finished propagating changes at 18:31:23.60 on 05 Apr 2021
[2021-04-05 18:31:23 +0800] Sync Log:  Synchronization complete at 18:31:23  (1 item transferred, 0 skipped, 0 failed)
[2021-04-05 18:31:29 +0800] Sync Log:  UNISON 2.51.2 (OCAML 4.06.1) started propagating changes at 18:31:29.59 on 05 Apr 2021
[2021-04-05 18:31:29 +0800] Sync Log:  [BGN] Updating file docker-compose-dev.yml from /host_sync to /app_sync
[2021-04-05 18:31:29 +0800] Sync Log:  [END] Updating file docker-compose-dev.yml
[2021-04-05 18:31:29 +0800] Sync Log:  UNISON 2.51.2 (OCAML 4.06.1) finished propagating changes at 18:31:29.60 on 05 Apr 2021
[2021-04-05 18:31:29 +0800] Sync Log:  Synchronization complete at 18:31:29  (1 item transferred, 0 skipped, 0 failed)
[2021-04-05 18:31:33 +0800] Sync Log:  UNISON 2.51.2 (OCAML 4.06.1) started propagating changes at 18:31:33.75 on 05 Apr 2021
[2021-04-05 18:31:33 +0800] Sync Log:  [BGN] Updating file docker-compose-dev.yml from /host_sync to /app_sync
[2021-04-05 18:31:33 +0800] Sync Log:  [END] Updating file docker-compose-dev.yml
[2021-04-05 18:31:33 +0800] Sync Log:  UNISON 2.51.2 (OCAML 4.06.1) finished propagating changes at 18:31:33.75 on 05 Apr 2021
[2021-04-05 18:31:33 +0800] Sync Log:  Synchronization complete at 18:31:33  (1 item transferred, 0 skipped, 0 failed)
          ok  Starting native_osx for sync app-code-sync
          ok  app-code-sync container still running, restarting unison in container
unison: stopped
unison: started
     success  Sync container started
     success  Showing unison logs from your sync container: app-code-sync
[2021-04-05 18:34:19 +0800] Sync Log:  UNISON 2.51.2 (OCAML 4.06.1) started propagating changes at 18:31:29.59 on 05 Apr 2021
[2021-04-05 18:34:19 +0800] Sync Log:  [BGN] Updating file docker-compose-dev.yml from /host_sync to /app_sync
[2021-04-05 18:34:19 +0800] Sync Log:  [END] Updating file docker-compose-dev.yml
[2021-04-05 18:34:19 +0800] Sync Log:  UNISON 2.51.2 (OCAML 4.06.1) finished propagating changes at 18:31:29.60 on 05 Apr 2021
[2021-04-05 18:34:19 +0800] Sync Log:  Synchronization complete at 18:31:29  (1 item transferred, 0 skipped, 0 failed)
[2021-04-05 18:34:19 +0800] Sync Log:  UNISON 2.51.2 (OCAML 4.06.1) started propagating changes at 18:31:33.75 on 05 Apr 2021
[2021-04-05 18:34:19 +0800] Sync Log:  [BGN] Updating file docker-compose-dev.yml from /host_sync to /app_sync
[2021-04-05 18:34:19 +0800] Sync Log:  [END] Updating file docker-compose-dev.yml
[2021-04-05 18:34:19 +0800] Sync Log:  UNISON 2.51.2 (OCAML 4.06.1) finished propagating changes at 18:31:33.75 on 05 Apr 2021
[2021-04-05 18:34:19 +0800] Sync Log:  Synchronization complete at 18:31:33  (1 item transferred, 0 skipped, 0 failed)
[2021-04-05 18:35:07 +0800] Sync Log:  UNISON 2.51.2 (OCAML 4.06.1) started propagating changes at 18:35:06.88 on 05 Apr 2021
[2021-04-05 18:35:07 +0800] Sync Log:  [BGN] Updating file .docker-sync/daemon.log from /host_sync to /app_sync
[2021-04-05 18:35:07 +0800] Sync Log:  [END] Updating file .docker-sync/daemon.log
[2021-04-05 18:35:07 +0800] Sync Log:  [BGN] Updating file .docker-sync/daemon.pid from /host_sync to /app_sync
[2021-04-05 18:35:07 +0800] Sync Log:  [END] Updating file .docker-sync/daemon.pid
[2021-04-05 18:35:07 +0800] Sync Log:  UNISON 2.51.2 (OCAML 4.06.1) finished propagating changes at 18:35:06.89 on 05 Apr 2021
[2021-04-05 18:35:07 +0800] Sync Log:  Synchronization complete at 18:35:06  (2 items transferred, 0 skipped, 0 failed)
[2021-04-05 18:35:10 +0800] Sync Log:  UNISON 2.51.2 (OCAML 4.06.1) started propagating changes at 18:35:09.50 on 05 Apr 2021
[2021-04-05 18:35:10 +0800] Sync Log:  [BGN] Updating file docker-compose.yml from /host_sync to /app_sync
[2021-04-05 18:35:10 +0800] Sync Log:  [END] Updating file docker-compose.yml
[2021-04-05 18:35:10 +0800] Sync Log:  UNISON 2.51.2 (OCAML 4.06.1) finished propagating changes at 18:35:09.50 on 05 Apr 2021
[2021-04-05 18:35:10 +0800] Sync Log:  Synchronization complete at 18:35:09  (1 item transferred, 0 skipped, 0 failed)
[2021-04-05 18:35:15 +0800] Sync Log:  UNISON 2.51.2 (OCAML 4.06.1) started propagating changes at 18:35:15.06 on 05 Apr 2021
[2021-04-05 18:35:15 +0800] Sync Log:  [BGN] Updating file docker-compose.yml from /host_sync to /app_sync
[2021-04-05 18:35:15 +0800] Sync Log:  [END] Updating file docker-compose.yml
[2021-04-05 18:35:15 +0800] Sync Log:  UNISON 2.51.2 (OCAML 4.06.1) finished propagating changes at 18:35:15.06 on 05 Apr 2021
[2021-04-05 18:35:15 +0800] Sync Log:  Synchronization complete at 18:35:15  (1 item transferred, 0 skipped, 0 failed)
[2021-04-05 18:36:40 +0800] Sync Log:  UNISON 2.51.2 (OCAML 4.06.1) started propagating changes at 18:36:39.76 on 05 Apr 2021
[2021-04-05 18:36:40 +0800] Sync Log:  [BGN] Updating file docker-compose.yml from /host_sync to /app_sync
[2021-04-05 18:36:40 +0800] Sync Log:  [END] Updating file docker-compose.yml
[2021-04-05 18:36:40 +0800] Sync Log:  UNISON 2.51.2 (OCAML 4.06.1) finished propagating changes at 18:36:39.76 on 05 Apr 2021
[2021-04-05 18:36:40 +0800] Sync Log:  Synchronization complete at 18:36:39  (1 item transferred, 0 skipped, 0 failed)
[2021-04-05 18:36:48 +0800] Sync Log:  UNISON 2.51.2 (OCAML 4.06.1) started propagating changes at 18:36:47.57 on 05 Apr 2021
[2021-04-05 18:36:48 +0800] Sync Log:  [BGN] Updating file docker-compose-dev.yml from /host_sync to /app_sync
[2021-04-05 18:36:48 +0800] Sync Log:  [END] Updating file docker-compose-dev.yml
[2021-04-05 18:36:48 +0800] Sync Log:  UNISON 2.51.2 (OCAML 4.06.1) finished propagating changes at 18:36:47.57 on 05 Apr 2021
[2021-04-05 18:36:48 +0800] Sync Log:  Synchronization complete at 18:36:47  (1 item transferred, 0 skipped, 0 failed)
[2021-04-05 18:36:50 +0800] Sync Log:  UNISON 2.51.2 (OCAML 4.06.1) started propagating changes at 18:36:50.17 on 05 Apr 2021
[2021-04-05 18:36:50 +0800] Sync Log:  [BGN] Updating file docker-compose-dev.yml from /host_sync to /app_sync
[2021-04-05 18:36:50 +0800] Sync Log:  [END] Updating file docker-compose-dev.yml
[2021-04-05 18:36:50 +0800] Sync Log:  UNISON 2.51.2 (OCAML 4.06.1) finished propagating changes at 18:36:50.18 on 05 Apr 2021
[2021-04-05 18:36:50 +0800] Sync Log:  Synchronization complete at 18:36:50  (1 item transferred, 0 skipped, 0 failed)
[2021-04-05 18:36:52 +0800] Sync Log:  UNISON 2.51.2 (OCAML 4.06.1) started propagating changes at 18:36:52.28 on 05 Apr 2021
[2021-04-05 18:36:52 +0800] Sync Log:  [BGN] Updating file docker-compose-dev.yml from /host_sync to /app_sync
[2021-04-05 18:36:52 +0800] Sync Log:  [END] Updating file docker-compose-dev.yml
[2021-04-05 18:36:52 +0800] Sync Log:  UNISON 2.51.2 (OCAML 4.06.1) finished propagating changes at 18:36:52.28 on 05 Apr 2021
[2021-04-05 18:36:52 +0800] Sync Log:  Synchronization complete at 18:36:52  (1 item transferred, 0 skipped, 0 failed)
[2021-04-05 18:37:02 +0800] Sync Log:  UNISON 2.51.2 (OCAML 4.06.1) started propagating changes at 18:37:01.92 on 05 Apr 2021
[2021-04-05 18:37:02 +0800] Sync Log:  [BGN] Updating file docker-compose-dev.yml from /host_sync to /app_sync
[2021-04-05 18:37:02 +0800] Sync Log:  [END] Updating file docker-compose-dev.yml
[2021-04-05 18:37:02 +0800] Sync Log:  UNISON 2.51.2 (OCAML 4.06.1) finished propagating changes at 18:37:01.92 on 05 Apr 2021
[2021-04-05 18:37:02 +0800] Sync Log:  Synchronization complete at 18:37:02  (1 item transferred, 0 skipped, 0 failed)
[2021-04-05 18:37:14 +0800] Sync Log:  UNISON 2.51.2 (OCAML 4.06.1) started propagating changes at 18:37:14.09 on 05 Apr 2021
[2021-04-05 18:37:14 +0800] Sync Log:  [BGN] Updating file docker-compose-dev.yml from /host_sync to /app_sync
[2021-04-05 18:37:14 +0800] Sync Log:  [END] Updating file docker-compose-dev.yml
[2021-04-05 18:37:14 +0800] Sync Log:  UNISON 2.51.2 (OCAML 4.06.1) finished propagating changes at 18:37:14.09 on 05 Apr 2021
[2021-04-05 18:37:14 +0800] Sync Log:  Synchronization complete at 18:37:14  (1 item transferred, 0 skipped, 0 failed)
[2021-04-05 18:37:29 +0800] Sync Log:  UNISON 2.51.2 (OCAML 4.06.1) started propagating changes at 18:37:29.27 on 05 Apr 2021
[2021-04-05 18:37:29 +0800] Sync Log:  [BGN] Updating file docker-sync.yml from /host_sync to /app_sync
[2021-04-05 18:37:29 +0800] Sync Log:  [END] Updating file docker-sync.yml
[2021-04-05 18:37:29 +0800] Sync Log:  UNISON 2.51.2 (OCAML 4.06.1) finished propagating changes at 18:37:29.27 on 05 Apr 2021
[2021-04-05 18:37:29 +0800] Sync Log:  Synchronization complete at 18:37:29  (1 item transferred, 0 skipped, 0 failed)
[2021-04-05 18:37:33 +0800] Sync Log:  UNISON 2.51.2 (OCAML 4.06.1) started propagating changes at 18:37:32.88 on 05 Apr 2021
[2021-04-05 18:37:33 +0800] Sync Log:  [BGN] Updating file docker-sync.yml from /host_sync to /app_sync
[2021-04-05 18:37:33 +0800] Sync Log:  [END] Updating file docker-sync.yml
[2021-04-05 18:37:33 +0800] Sync Log:  UNISON 2.51.2 (OCAML 4.06.1) finished propagating changes at 18:37:32.88 on 05 Apr 2021
[2021-04-05 18:37:33 +0800] Sync Log:  Synchronization complete at 18:37:32  (1 item transferred, 0 skipped, 0 failed)
[2021-04-05 18:37:36 +0800] Sync Log:  UNISON 2.51.2 (OCAML 4.06.1) started propagating changes at 18:37:35.96 on 05 Apr 2021
[2021-04-05 18:37:36 +0800] Sync Log:  [BGN] Updating file docker-sync.yml from /host_sync to /app_sync
[2021-04-05 18:37:36 +0800] Sync Log:  [END] Updating file docker-sync.yml
[2021-04-05 18:37:36 +0800] Sync Log:  UNISON 2.51.2 (OCAML 4.06.1) finished propagating changes at 18:37:35.96 on 05 Apr 2021
[2021-04-05 18:37:36 +0800] Sync Log:  Synchronization complete at 18:37:36  (1 item transferred, 0 skipped, 0 failed)
[2021-04-05 18:37:40 +0800] Sync Log:  UNISON 2.51.2 (OCAML 4.06.1) started propagating changes at 18:37:40.04 on 05 Apr 2021
[2021-04-05 18:37:40 +0800] Sync Log:  [BGN] Updating file docker-sync.yml from /host_sync to /app_sync
[2021-04-05 18:37:40 +0800] Sync Log:  [END] Updating file docker-sync.yml
[2021-04-05 18:37:40 +0800] Sync Log:  UNISON 2.51.2 (OCAML 4.06.1) finished propagating changes at 18:37:40.05 on 05 Apr 2021
[2021-04-05 18:37:40 +0800] Sync Log:  Synchronization complete at 18:37:40  (1 item transferred, 0 skipped, 0 failed)
[2021-04-05 18:37:44 +0800] Sync Log:  UNISON 2.51.2 (OCAML 4.06.1) started propagating changes at 18:37:44.36 on 05 Apr 2021
[2021-04-05 18:37:44 +0800] Sync Log:  [BGN] Updating file docker-sync.yml from /host_sync to /app_sync
[2021-04-05 18:37:44 +0800] Sync Log:  [END] Updating file docker-sync.yml
[2021-04-05 18:37:44 +0800] Sync Log:  UNISON 2.51.2 (OCAML 4.06.1) finished propagating changes at 18:37:44.36 on 05 Apr 2021
[2021-04-05 18:37:44 +0800] Sync Log:  Synchronization complete at 18:37:44  (1 item transferred, 0 skipped, 0 failed)
[2021-04-05 18:37:46 +0800] Sync Log:  UNISON 2.51.2 (OCAML 4.06.1) started propagating changes at 18:37:46.47 on 05 Apr 2021
[2021-04-05 18:37:46 +0800] Sync Log:  [BGN] Updating file docker-sync.yml from /host_sync to /app_sync
[2021-04-05 18:37:46 +0800] Sync Log:  [END] Updating file docker-sync.yml
[2021-04-05 18:37:46 +0800] Sync Log:  UNISON 2.51.2 (OCAML 4.06.1) finished propagating changes at 18:37:46.47 on 05 Apr 2021
[2021-04-05 18:37:46 +0800] Sync Log:  Synchronization complete at 18:37:46  (1 item transferred, 0 skipped, 0 failed)
[2021-04-05 18:37:50 +0800] Sync Log:  UNISON 2.51.2 (OCAML 4.06.1) started propagating changes at 18:37:50.09 on 05 Apr 2021
[2021-04-05 18:37:50 +0800] Sync Log:  [BGN] Updating file docker-sync.yml from /host_sync to /app_sync
[2021-04-05 18:37:50 +0800] Sync Log:  [END] Updating file docker-sync.yml
[2021-04-05 18:37:50 +0800] Sync Log:  UNISON 2.51.2 (OCAML 4.06.1) finished propagating changes at 18:37:50.10 on 05 Apr 2021
[2021-04-05 18:37:50 +0800] Sync Log:  Synchronization complete at 18:37:50  (1 item transferred, 0 skipped, 0 failed)
[2021-04-05 18:39:02 +0800] Sync Log:  UNISON 2.51.2 (OCAML 4.06.1) started propagating changes at 18:39:01.75 on 05 Apr 2021
[2021-04-05 18:39:02 +0800] Sync Log:  [BGN] Updating file docker-compose.yml from /host_sync to /app_sync
[2021-04-05 18:39:02 +0800] Sync Log:  [END] Updating file docker-compose.yml
[2021-04-05 18:39:02 +0800] Sync Log:  UNISON 2.51.2 (OCAML 4.06.1) finished propagating changes at 18:39:01.75 on 05 Apr 2021
[2021-04-05 18:39:02 +0800] Sync Log:  Synchronization complete at 18:39:01  (1 item transferred, 0 skipped, 0 failed)
[2021-04-05 18:39:12 +0800] Sync Log:  UNISON 2.51.2 (OCAML 4.06.1) started propagating changes at 18:39:11.93 on 05 Apr 2021
[2021-04-05 18:39:12 +0800] Sync Log:  [BGN] Updating file docker-sync.yml from /host_sync to /app_sync
[2021-04-05 18:39:12 +0800] Sync Log:  [END] Updating file docker-sync.yml
[2021-04-05 18:39:12 +0800] Sync Log:  UNISON 2.51.2 (OCAML 4.06.1) finished propagating changes at 18:39:11.93 on 05 Apr 2021
[2021-04-05 18:39:12 +0800] Sync Log:  Synchronization complete at 18:39:12  (1 item transferred, 0 skipped, 0 failed)
[2021-04-05 18:39:16 +0800] Sync Log:  UNISON 2.51.2 (OCAML 4.06.1) started propagating changes at 18:39:16.17 on 05 Apr 2021
[2021-04-05 18:39:16 +0800] Sync Log:  [BGN] Updating file docker-compose-dev.yml from /host_sync to /app_sync
[2021-04-05 18:39:16 +0800] Sync Log:  [END] Updating file docker-compose-dev.yml
[2021-04-05 18:39:16 +0800] Sync Log:  UNISON 2.51.2 (OCAML 4.06.1) finished propagating changes at 18:39:16.17 on 05 Apr 2021
[2021-04-05 18:39:16 +0800] Sync Log:  Synchronization complete at 18:39:16  (1 item transferred, 0 skipped, 0 failed)
[2021-04-05 18:39:19 +0800] Sync Log:  UNISON 2.51.2 (OCAML 4.06.1) started propagating changes at 18:39:19.48 on 05 Apr 2021
[2021-04-05 18:39:19 +0800] Sync Log:  [BGN] Updating file docker-compose-dev.yml from /host_sync to /app_sync
[2021-04-05 18:39:19 +0800] Sync Log:  [END] Updating file docker-compose-dev.yml
[2021-04-05 18:39:19 +0800] Sync Log:  UNISON 2.51.2 (OCAML 4.06.1) finished propagating changes at 18:39:19.49 on 05 Apr 2021
[2021-04-05 18:39:19 +0800] Sync Log:  Synchronization complete at 18:39:19  (1 item transferred, 0 skipped, 0 failed)
          ok  Starting native_osx for sync app-code-sync
          ok  app-code-sync container still running, restarting unison in container
unison: stopped
unison: started
     success  Sync container started
     success  Showing unison logs from your sync container: app-code-sync
